{"/home/hellhammer/Escritorio/pos-final/apps/pos-dashboard/src/components/caja/CajaBanner.tsx": {"path":"/home/hellhammer/Escritorio/pos-final/apps/pos-dashboard/src/components/caja/CajaBanner.tsx","all":false,"statementMap":{"0":{"start":{"line":1,"column":0},"end":{"line":1,"column":64}},"1":{"start":{"line":2,"column":0},"end":{"line":2,"column":47}},"2":{"start":{"line":3,"column":0},"end":{"line":3,"column":39}},"3":{"start":{"line":4,"column":0},"end":{"line":4,"column":51}},"4":{"start":{"line":5,"column":0},"end":{"line":5,"column":40}},"5":{"start":{"line":6,"column":0},"end":{"line":6,"column":55}},"6":{"start":{"line":7,"column":0},"end":{"line":7,"column":0}},"7":{"start":{"line":8,"column":0},"end":{"line":8,"column":26}},"8":{"start":{"line":9,"column":0},"end":{"line":9,"column":0}},"9":{"start":{"line":10,"column":0},"end":{"line":10,"column":70}},"10":{"start":{"line":11,"column":0},"end":{"line":11,"column":71}},"11":{"start":{"line":12,"column":0},"end":{"line":12,"column":70}},"12":{"start":{"line":13,"column":0},"end":{"line":13,"column":0}},"13":{"start":{"line":14,"column":0},"end":{"line":14,"column":26}},"14":{"start":{"line":15,"column":0},"end":{"line":15,"column":13}},"15":{"start":{"line":16,"column":0},"end":{"line":16,"column":18}},"16":{"start":{"line":17,"column":0},"end":{"line":17,"column":20}},"17":{"start":{"line":18,"column":0},"end":{"line":18,"column":23}},"18":{"start":{"line":19,"column":0},"end":{"line":19,"column":31}},"19":{"start":{"line":20,"column":0},"end":{"line":20,"column":35}},"20":{"start":{"line":21,"column":0},"end":{"line":21,"column":28}},"21":{"start":{"line":22,"column":0},"end":{"line":22,"column":32}},"22":{"start":{"line":23,"column":0},"end":{"line":23,"column":31}},"23":{"start":{"line":24,"column":0},"end":{"line":24,"column":21}},"24":{"start":{"line":25,"column":0},"end":{"line":25,"column":29}},"25":{"start":{"line":26,"column":0},"end":{"line":26,"column":26}},"26":{"start":{"line":27,"column":0},"end":{"line":27,"column":19}},"27":{"start":{"line":28,"column":0},"end":{"line":28,"column":1}},"28":{"start":{"line":29,"column":0},"end":{"line":29,"column":0}},"29":{"start":{"line":30,"column":0},"end":{"line":30,"column":49}},"30":{"start":{"line":31,"column":0},"end":{"line":31,"column":0}},"31":{"start":{"line":32,"column":0},"end":{"line":32,"column":89}},"32":{"start":{"line":33,"column":0},"end":{"line":33,"column":45}},"33":{"start":{"line":34,"column":0},"end":{"line":34,"column":60}},"34":{"start":{"line":35,"column":0},"end":{"line":35,"column":1}},"35":{"start":{"line":36,"column":0},"end":{"line":36,"column":0}},"36":{"start":{"line":37,"column":0},"end":{"line":37,"column":3}},"37":{"start":{"line":38,"column":0},"end":{"line":38,"column":59}},"38":{"start":{"line":39,"column":0},"end":{"line":39,"column":82}},"39":{"start":{"line":40,"column":0},"end":{"line":40,"column":3}},"40":{"start":{"line":41,"column":0},"end":{"line":41,"column":49}},"41":{"start":{"line":42,"column":0},"end":{"line":42,"column":25}},"42":{"start":{"line":43,"column":0},"end":{"line":43,"column":98}},"43":{"start":{"line":44,"column":0},"end":{"line":44,"column":42}},"44":{"start":{"line":45,"column":0},"end":{"line":45,"column":68}},"45":{"start":{"line":46,"column":0},"end":{"line":46,"column":63}},"46":{"start":{"line":47,"column":0},"end":{"line":47,"column":26}},"47":{"start":{"line":48,"column":0},"end":{"line":48,"column":1}},"48":{"start":{"line":49,"column":0},"end":{"line":49,"column":0}},"49":{"start":{"line":50,"column":0},"end":{"line":50,"column":92}},"50":{"start":{"line":51,"column":0},"end":{"line":51,"column":0}},"51":{"start":{"line":52,"column":0},"end":{"line":52,"column":70}},"52":{"start":{"line":53,"column":0},"end":{"line":53,"column":77}},"53":{"start":{"line":54,"column":0},"end":{"line":54,"column":49}},"54":{"start":{"line":55,"column":0},"end":{"line":55,"column":1}},"55":{"start":{"line":56,"column":0},"end":{"line":56,"column":0}},"56":{"start":{"line":57,"column":0},"end":{"line":57,"column":70}},"57":{"start":{"line":58,"column":0},"end":{"line":58,"column":71}},"58":{"start":{"line":59,"column":0},"end":{"line":59,"column":70}},"59":{"start":{"line":60,"column":0},"end":{"line":60,"column":0}},"60":{"start":{"line":61,"column":0},"end":{"line":61,"column":70}},"61":{"start":{"line":62,"column":0},"end":{"line":62,"column":71}},"62":{"start":{"line":63,"column":0},"end":{"line":63,"column":70}},"63":{"start":{"line":64,"column":0},"end":{"line":64,"column":0}},"64":{"start":{"line":65,"column":0},"end":{"line":65,"column":27}},"65":{"start":{"line":66,"column":0},"end":{"line":66,"column":25}},"66":{"start":{"line":67,"column":0},"end":{"line":67,"column":22}},"67":{"start":{"line":68,"column":0},"end":{"line":68,"column":92}},"68":{"start":{"line":69,"column":0},"end":{"line":69,"column":32}},"69":{"start":{"line":70,"column":0},"end":{"line":70,"column":1}},"70":{"start":{"line":71,"column":0},"end":{"line":71,"column":0}},"71":{"start":{"line":72,"column":0},"end":{"line":72,"column":88}},"72":{"start":{"line":73,"column":0},"end":{"line":73,"column":33}},"73":{"start":{"line":74,"column":0},"end":{"line":74,"column":57}},"74":{"start":{"line":75,"column":0},"end":{"line":75,"column":47}},"75":{"start":{"line":76,"column":0},"end":{"line":76,"column":104}},"76":{"start":{"line":77,"column":0},"end":{"line":77,"column":54}},"77":{"start":{"line":78,"column":0},"end":{"line":78,"column":94}},"78":{"start":{"line":79,"column":0},"end":{"line":79,"column":50}},"79":{"start":{"line":80,"column":0},"end":{"line":80,"column":0}},"80":{"start":{"line":81,"column":0},"end":{"line":81,"column":45}},"81":{"start":{"line":82,"column":0},"end":{"line":82,"column":25}},"82":{"start":{"line":83,"column":0},"end":{"line":83,"column":9}},"83":{"start":{"line":84,"column":0},"end":{"line":84,"column":72}},"84":{"start":{"line":85,"column":0},"end":{"line":85,"column":34}},"85":{"start":{"line":86,"column":0},"end":{"line":86,"column":27}},"86":{"start":{"line":87,"column":0},"end":{"line":87,"column":13}},"87":{"start":{"line":88,"column":0},"end":{"line":88,"column":90}},"88":{"start":{"line":89,"column":0},"end":{"line":89,"column":98}},"89":{"start":{"line":90,"column":0},"end":{"line":90,"column":20}},"90":{"start":{"line":91,"column":0},"end":{"line":91,"column":11}},"91":{"start":{"line":92,"column":0},"end":{"line":92,"column":49}},"92":{"start":{"line":93,"column":0},"end":{"line":93,"column":68}},"93":{"start":{"line":94,"column":0},"end":{"line":94,"column":10}},"94":{"start":{"line":95,"column":0},"end":{"line":95,"column":85}},"95":{"start":{"line":96,"column":0},"end":{"line":96,"column":30}},"96":{"start":{"line":97,"column":0},"end":{"line":97,"column":15}},"97":{"start":{"line":98,"column":0},"end":{"line":98,"column":73}},"98":{"start":{"line":99,"column":0},"end":{"line":99,"column":24}},"99":{"start":{"line":100,"column":0},"end":{"line":100,"column":31}},"100":{"start":{"line":101,"column":0},"end":{"line":101,"column":31}},"101":{"start":{"line":102,"column":0},"end":{"line":102,"column":17}},"102":{"start":{"line":103,"column":0},"end":{"line":103,"column":9}},"103":{"start":{"line":104,"column":0},"end":{"line":104,"column":25}},"104":{"start":{"line":105,"column":0},"end":{"line":105,"column":96}},"105":{"start":{"line":106,"column":0},"end":{"line":106,"column":78}},"106":{"start":{"line":107,"column":0},"end":{"line":107,"column":22}},"107":{"start":{"line":108,"column":0},"end":{"line":108,"column":31}},"108":{"start":{"line":109,"column":0},"end":{"line":109,"column":44}},"109":{"start":{"line":110,"column":0},"end":{"line":110,"column":59}},"110":{"start":{"line":111,"column":0},"end":{"line":111,"column":10}},"111":{"start":{"line":112,"column":0},"end":{"line":112,"column":15}},"112":{"start":{"line":113,"column":0},"end":{"line":113,"column":29}},"113":{"start":{"line":114,"column":0},"end":{"line":114,"column":25}},"114":{"start":{"line":115,"column":0},"end":{"line":115,"column":7}},"115":{"start":{"line":116,"column":0},"end":{"line":116,"column":15}},"116":{"start":{"line":117,"column":0},"end":{"line":117,"column":24}},"117":{"start":{"line":118,"column":0},"end":{"line":118,"column":5}},"118":{"start":{"line":119,"column":0},"end":{"line":119,"column":16}},"119":{"start":{"line":120,"column":0},"end":{"line":120,"column":0}},"120":{"start":{"line":121,"column":0},"end":{"line":121,"column":19}},"121":{"start":{"line":122,"column":0},"end":{"line":122,"column":16}},"122":{"start":{"line":123,"column":0},"end":{"line":123,"column":38}},"123":{"start":{"line":124,"column":0},"end":{"line":124,"column":57}},"124":{"start":{"line":125,"column":0},"end":{"line":125,"column":73}},"125":{"start":{"line":126,"column":0},"end":{"line":126,"column":18}},"126":{"start":{"line":127,"column":0},"end":{"line":127,"column":0}},"127":{"start":{"line":128,"column":0},"end":{"line":128,"column":30}},"128":{"start":{"line":129,"column":0},"end":{"line":129,"column":45}},"129":{"start":{"line":130,"column":0},"end":{"line":130,"column":40}},"130":{"start":{"line":131,"column":0},"end":{"line":131,"column":4}},"131":{"start":{"line":132,"column":0},"end":{"line":132,"column":0}},"132":{"start":{"line":133,"column":0},"end":{"line":133,"column":85}},"133":{"start":{"line":134,"column":0},"end":{"line":134,"column":27}},"134":{"start":{"line":135,"column":0},"end":{"line":135,"column":0}},"135":{"start":{"line":136,"column":0},"end":{"line":136,"column":54}},"136":{"start":{"line":137,"column":0},"end":{"line":137,"column":45}},"137":{"start":{"line":138,"column":0},"end":{"line":138,"column":0}},"138":{"start":{"line":139,"column":0},"end":{"line":139,"column":10}},"139":{"start":{"line":140,"column":0},"end":{"line":140,"column":15}},"140":{"start":{"line":141,"column":0},"end":{"line":141,"column":37}},"141":{"start":{"line":142,"column":0},"end":{"line":142,"column":36}},"142":{"start":{"line":143,"column":0},"end":{"line":143,"column":36}},"143":{"start":{"line":144,"column":0},"end":{"line":144,"column":19}},"144":{"start":{"line":145,"column":0},"end":{"line":145,"column":14}},"145":{"start":{"line":146,"column":0},"end":{"line":146,"column":24}},"146":{"start":{"line":147,"column":0},"end":{"line":147,"column":29}},"147":{"start":{"line":148,"column":0},"end":{"line":148,"column":40}},"148":{"start":{"line":149,"column":0},"end":{"line":149,"column":23}},"149":{"start":{"line":150,"column":0},"end":{"line":150,"column":25}},"150":{"start":{"line":151,"column":0},"end":{"line":151,"column":32}},"151":{"start":{"line":152,"column":0},"end":{"line":152,"column":41}},"152":{"start":{"line":153,"column":0},"end":{"line":153,"column":29}},"153":{"start":{"line":154,"column":0},"end":{"line":154,"column":44}},"154":{"start":{"line":155,"column":0},"end":{"line":155,"column":30}},"155":{"start":{"line":156,"column":0},"end":{"line":156,"column":24}},"156":{"start":{"line":157,"column":0},"end":{"line":157,"column":19}},"157":{"start":{"line":158,"column":0},"end":{"line":158,"column":13}},"158":{"start":{"line":159,"column":0},"end":{"line":159,"column":50}},"159":{"start":{"line":160,"column":0},"end":{"line":160,"column":55}},"160":{"start":{"line":161,"column":0},"end":{"line":161,"column":38}},"161":{"start":{"line":162,"column":0},"end":{"line":162,"column":13}},"162":{"start":{"line":163,"column":0},"end":{"line":163,"column":13}},"163":{"start":{"line":164,"column":0},"end":{"line":164,"column":50}},"164":{"start":{"line":165,"column":0},"end":{"line":165,"column":55}},"165":{"start":{"line":166,"column":0},"end":{"line":166,"column":31}},"166":{"start":{"line":167,"column":0},"end":{"line":167,"column":15}},"167":{"start":{"line":168,"column":0},"end":{"line":168,"column":8}},"168":{"start":{"line":169,"column":0},"end":{"line":169,"column":5}},"169":{"start":{"line":170,"column":0},"end":{"line":170,"column":40}},"170":{"start":{"line":171,"column":0},"end":{"line":171,"column":16}},"171":{"start":{"line":172,"column":0},"end":{"line":172,"column":75}},"172":{"start":{"line":173,"column":0},"end":{"line":173,"column":22}},"173":{"start":{"line":174,"column":0},"end":{"line":174,"column":57}},"174":{"start":{"line":175,"column":0},"end":{"line":175,"column":28}},"175":{"start":{"line":176,"column":0},"end":{"line":176,"column":180}},"176":{"start":{"line":177,"column":0},"end":{"line":177,"column":51}},"177":{"start":{"line":178,"column":0},"end":{"line":178,"column":13}},"178":{"start":{"line":179,"column":0},"end":{"line":179,"column":0}},"179":{"start":{"line":180,"column":0},"end":{"line":180,"column":21}},"180":{"start":{"line":181,"column":0},"end":{"line":181,"column":15}},"181":{"start":{"line":182,"column":0},"end":{"line":182,"column":32}},"182":{"start":{"line":183,"column":0},"end":{"line":183,"column":18}},"183":{"start":{"line":184,"column":0},"end":{"line":184,"column":44}},"184":{"start":{"line":185,"column":0},"end":{"line":185,"column":46}},"185":{"start":{"line":186,"column":0},"end":{"line":186,"column":45}},"186":{"start":{"line":187,"column":0},"end":{"line":187,"column":38}},"187":{"start":{"line":188,"column":0},"end":{"line":188,"column":48}},"188":{"start":{"line":189,"column":0},"end":{"line":189,"column":32}},"189":{"start":{"line":190,"column":0},"end":{"line":190,"column":28}},"190":{"start":{"line":191,"column":0},"end":{"line":191,"column":63}},"191":{"start":{"line":192,"column":0},"end":{"line":192,"column":30}},"192":{"start":{"line":193,"column":0},"end":{"line":193,"column":33}},"193":{"start":{"line":194,"column":0},"end":{"line":194,"column":12}},"194":{"start":{"line":195,"column":0},"end":{"line":195,"column":9}},"195":{"start":{"line":196,"column":0},"end":{"line":196,"column":95}},"196":{"start":{"line":197,"column":0},"end":{"line":197,"column":17}},"197":{"start":{"line":198,"column":0},"end":{"line":198,"column":8}},"198":{"start":{"line":199,"column":0},"end":{"line":199,"column":17}},"199":{"start":{"line":200,"column":0},"end":{"line":200,"column":4}},"200":{"start":{"line":201,"column":0},"end":{"line":201,"column":2}},"201":{"start":{"line":202,"column":0},"end":{"line":202,"column":0}},"202":{"start":{"line":203,"column":0},"end":{"line":203,"column":26}}},"s":{"0":1,"1":1,"2":1,"3":1,"4":1,"5":1,"6":1,"7":1,"8":1,"9":1,"10":1,"11":1,"12":1,"13":1,"14":1,"15":1,"16":1,"17":1,"18":1,"19":1,"20":1,"21":1,"22":1,"23":1,"24":1,"25":1,"26":1,"27":1,"28":1,"29":1,"30":1,"31":1,"32":1,"33":4,"34":4,"35":1,"36":1,"37":1,"38":1,"39":1,"40":1,"41":45,"42":45,"43":45,"44":45,"45":45,"46":45,"47":45,"48":1,"49":1,"50":1,"51":1,"52":1,"53":99,"54":99,"55":1,"56":1,"57":1,"58":1,"59":1,"60":1,"61":1,"62":1,"63":1,"64":1,"65":1,"66":1,"67":1,"68":1,"69":1,"70":1,"71":1,"72":19,"73":19,"74":19,"75":19,"76":19,"77":19,"78":19,"79":19,"80":19,"81":10,"82":10,"83":10,"84":10,"85":10,"86":10,"87":6,"88":6,"89":6,"90":6,"91":6,"92":6,"93":6,"94":6,"95":3,"96":0,"97":6,"98":6,"99":2,"100":2,"101":2,"102":2,"103":1,"104":1,"105":6,"106":6,"107":6,"108":1,"109":1,"110":6,"111":6,"112":3,"113":3,"114":3,"115":10,"116":10,"117":10,"118":19,"119":19,"120":19,"121":9,"122":9,"123":9,"124":9,"125":19,"126":19,"127":19,"128":2,"129":0,"130":2,"131":19,"132":19,"133":19,"134":10,"135":19,"136":19,"137":19,"138":19,"139":19,"140":19,"141":19,"142":19,"143":19,"144":19,"145":19,"146":19,"147":19,"148":19,"149":19,"150":19,"151":19,"152":19,"153":19,"154":19,"155":19,"156":19,"157":4,"158":4,"159":4,"160":4,"161":4,"162":6,"163":6,"164":6,"165":6,"166":6,"167":19,"168":19,"169":19,"170":19,"171":4,"172":6,"173":1,"174":5,"175":2,"176":3,"177":19,"178":19,"179":19,"180":9,"181":9,"182":9,"183":9,"184":9,"185":9,"186":9,"187":9,"188":9,"189":9,"190":9,"191":9,"192":9,"193":9,"194":9,"195":9,"196":9,"197":19,"198":19,"199":19,"200":19,"201":1,"202":1},"branchMap":{"0":{"type":"branch","line":33,"loc":{"start":{"line":33,"column":7},"end":{"line":35,"column":1}},"locations":[{"start":{"line":33,"column":7},"end":{"line":35,"column":1}}]},"1":{"type":"branch","line":41,"loc":{"start":{"line":41,"column":7},"end":{"line":48,"column":1}},"locations":[{"start":{"line":41,"column":7},"end":{"line":48,"column":1}}]},"2":{"type":"branch","line":53,"loc":{"start":{"line":53,"column":7},"end":{"line":55,"column":1}},"locations":[{"start":{"line":53,"column":7},"end":{"line":55,"column":1}}]},"3":{"type":"branch","line":72,"loc":{"start":{"line":72,"column":46},"end":{"line":201,"column":2}},"locations":[{"start":{"line":72,"column":46},"end":{"line":201,"column":2}}]},"4":{"type":"branch","line":134,"loc":{"start":{"line":134,"column":15},"end":{"line":134,"column":27}},"locations":[{"start":{"line":134,"column":15},"end":{"line":134,"column":27}}]},"5":{"type":"branch","line":134,"loc":{"start":{"line":134,"column":22},"end":{"line":136,"column":28}},"locations":[{"start":{"line":134,"column":22},"end":{"line":136,"column":28}}]},"6":{"type":"branch","line":136,"loc":{"start":{"line":136,"column":20},"end":{"line":136,"column":54}},"locations":[{"start":{"line":136,"column":20},"end":{"line":136,"column":54}}]},"7":{"type":"branch","line":157,"loc":{"start":{"line":157,"column":12},"end":{"line":162,"column":13}},"locations":[{"start":{"line":157,"column":12},"end":{"line":162,"column":13}}]},"8":{"type":"branch","line":162,"loc":{"start":{"line":162,"column":12},"end":{"line":167,"column":15}},"locations":[{"start":{"line":162,"column":12},"end":{"line":167,"column":15}}]},"9":{"type":"branch","line":171,"loc":{"start":{"line":171,"column":9},"end":{"line":172,"column":75}},"locations":[{"start":{"line":171,"column":9},"end":{"line":172,"column":75}}]},"10":{"type":"branch","line":172,"loc":{"start":{"line":172,"column":73},"end":{"line":177,"column":51}},"locations":[{"start":{"line":172,"column":73},"end":{"line":177,"column":51}}]},"11":{"type":"branch","line":173,"loc":{"start":{"line":173,"column":12},"end":{"line":174,"column":57}},"locations":[{"start":{"line":173,"column":12},"end":{"line":174,"column":57}}]},"12":{"type":"branch","line":174,"loc":{"start":{"line":174,"column":14},"end":{"line":177,"column":51}},"locations":[{"start":{"line":174,"column":14},"end":{"line":177,"column":51}}]},"13":{"type":"branch","line":175,"loc":{"start":{"line":175,"column":27},"end":{"line":176,"column":180}},"locations":[{"start":{"line":175,"column":27},"end":{"line":176,"column":180}}]},"14":{"type":"branch","line":176,"loc":{"start":{"line":176,"column":63},"end":{"line":176,"column":71}},"locations":[{"start":{"line":176,"column":63},"end":{"line":176,"column":71}}]},"15":{"type":"branch","line":176,"loc":{"start":{"line":176,"column":101},"end":{"line":176,"column":109}},"locations":[{"start":{"line":176,"column":101},"end":{"line":176,"column":109}}]},"16":{"type":"branch","line":176,"loc":{"start":{"line":176,"column":141},"end":{"line":176,"column":149}},"locations":[{"start":{"line":176,"column":141},"end":{"line":176,"column":149}}]},"17":{"type":"branch","line":176,"loc":{"start":{"line":176,"column":149},"end":{"line":177,"column":51}},"locations":[{"start":{"line":176,"column":149},"end":{"line":177,"column":51}}]},"18":{"type":"branch","line":180,"loc":{"start":{"line":180,"column":7},"end":{"line":197,"column":17}},"locations":[{"start":{"line":180,"column":7},"end":{"line":197,"column":17}}]},"19":{"type":"branch","line":191,"loc":{"start":{"line":191,"column":19},"end":{"line":191,"column":47}},"locations":[{"start":{"line":191,"column":19},"end":{"line":191,"column":47}}]},"20":{"type":"branch","line":191,"loc":{"start":{"line":191,"column":29},"end":{"line":191,"column":63}},"locations":[{"start":{"line":191,"column":29},"end":{"line":191,"column":63}}]},"21":{"type":"branch","line":196,"loc":{"start":{"line":196,"column":11},"end":{"line":196,"column":32}},"locations":[{"start":{"line":196,"column":11},"end":{"line":196,"column":32}}]},"22":{"type":"branch","line":196,"loc":{"start":{"line":196,"column":21},"end":{"line":196,"column":95}},"locations":[{"start":{"line":196,"column":21},"end":{"line":196,"column":95}}]},"23":{"type":"branch","line":196,"loc":{"start":{"line":196,"column":32},"end":{"line":196,"column":57}},"locations":[{"start":{"line":196,"column":32},"end":{"line":196,"column":57}}]},"24":{"type":"branch","line":196,"loc":{"start":{"line":196,"column":45},"end":{"line":196,"column":95}},"locations":[{"start":{"line":196,"column":45},"end":{"line":196,"column":95}}]},"25":{"type":"branch","line":196,"loc":{"start":{"line":196,"column":70},"end":{"line":196,"column":87}},"locations":[{"start":{"line":196,"column":70},"end":{"line":196,"column":87}}]},"26":{"type":"branch","line":196,"loc":{"start":{"line":196,"column":74},"end":{"line":196,"column":95}},"locations":[{"start":{"line":196,"column":74},"end":{"line":196,"column":95}}]},"27":{"type":"branch","line":81,"loc":{"start":{"line":81,"column":32},"end":{"line":119,"column":5}},"locations":[{"start":{"line":81,"column":32},"end":{"line":119,"column":5}}]},"28":{"type":"branch","line":82,"loc":{"start":{"line":82,"column":18},"end":{"line":82,"column":25}},"locations":[{"start":{"line":82,"column":18},"end":{"line":82,"column":25}}]},"29":{"type":"branch","line":84,"loc":{"start":{"line":84,"column":70},"end":{"line":85,"column":28}},"locations":[{"start":{"line":84,"column":70},"end":{"line":85,"column":28}}]},"30":{"type":"branch","line":85,"loc":{"start":{"line":85,"column":20},"end":{"line":85,"column":32}},"locations":[{"start":{"line":85,"column":20},"end":{"line":85,"column":32}}]},"31":{"type":"branch","line":87,"loc":{"start":{"line":87,"column":4},"end":{"line":116,"column":6}},"locations":[{"start":{"line":87,"column":4},"end":{"line":116,"column":6}}]},"32":{"type":"branch","line":94,"loc":{"start":{"line":94,"column":8},"end":{"line":95,"column":84}},"locations":[{"start":{"line":94,"column":8},"end":{"line":95,"column":84}}]},"33":{"type":"branch","line":95,"loc":{"start":{"line":95,"column":84},"end":{"line":96,"column":30}},"locations":[{"start":{"line":95,"column":84},"end":{"line":96,"column":30}}]},"34":{"type":"branch","line":96,"loc":{"start":{"line":96,"column":26},"end":{"line":97,"column":15}},"locations":[{"start":{"line":96,"column":26},"end":{"line":97,"column":15}}]},"35":{"type":"branch","line":99,"loc":{"start":{"line":99,"column":23},"end":{"line":103,"column":9}},"locations":[{"start":{"line":99,"column":23},"end":{"line":103,"column":9}}]},"36":{"type":"branch","line":103,"loc":{"start":{"line":103,"column":8},"end":{"line":106,"column":54}},"locations":[{"start":{"line":103,"column":8},"end":{"line":106,"column":54}}]},"37":{"type":"branch","line":106,"loc":{"start":{"line":106,"column":54},"end":{"line":106,"column":75}},"locations":[{"start":{"line":106,"column":54},"end":{"line":106,"column":75}}]},"38":{"type":"branch","line":106,"loc":{"start":{"line":106,"column":68},"end":{"line":106,"column":78}},"locations":[{"start":{"line":106,"column":68},"end":{"line":106,"column":78}}]},"39":{"type":"branch","line":108,"loc":{"start":{"line":108,"column":27},"end":{"line":109,"column":44}},"locations":[{"start":{"line":108,"column":27},"end":{"line":109,"column":44}}]},"40":{"type":"branch","line":109,"loc":{"start":{"line":109,"column":32},"end":{"line":110,"column":59}},"locations":[{"start":{"line":109,"column":32},"end":{"line":110,"column":59}}]},"41":{"type":"branch","line":112,"loc":{"start":{"line":112,"column":6},"end":{"line":115,"column":7}},"locations":[{"start":{"line":112,"column":6},"end":{"line":115,"column":7}}]},"42":{"type":"branch","line":116,"loc":{"start":{"line":116,"column":4},"end":{"line":116,"column":6}},"locations":[{"start":{"line":116,"column":4},"end":{"line":116,"column":6}}]},"43":{"type":"branch","line":98,"loc":{"start":{"line":98,"column":35},"end":{"line":98,"column":64}},"locations":[{"start":{"line":98,"column":35},"end":{"line":98,"column":64}}]},"44":{"type":"branch","line":121,"loc":{"start":{"line":121,"column":12},"end":{"line":126,"column":5}},"locations":[{"start":{"line":121,"column":12},"end":{"line":126,"column":5}}]},"45":{"type":"branch","line":123,"loc":{"start":{"line":123,"column":20},"end":{"line":123,"column":38}},"locations":[{"start":{"line":123,"column":20},"end":{"line":123,"column":38}}]},"46":{"type":"branch","line":125,"loc":{"start":{"line":125,"column":11},"end":{"line":125,"column":73}},"locations":[{"start":{"line":125,"column":11},"end":{"line":125,"column":73}}]},"47":{"type":"branch","line":128,"loc":{"start":{"line":128,"column":23},"end":{"line":131,"column":4}},"locations":[{"start":{"line":128,"column":23},"end":{"line":131,"column":4}}]},"48":{"type":"branch","line":129,"loc":{"start":{"line":129,"column":43},"end":{"line":130,"column":40}},"locations":[{"start":{"line":129,"column":43},"end":{"line":130,"column":40}}]}},"b":{"0":[4],"1":[45],"2":[99],"3":[19],"4":[9],"5":[10],"6":[4],"7":[4],"8":[6],"9":[4],"10":[6],"11":[1],"12":[5],"13":[2],"14":[0],"15":[0],"16":[0],"17":[3],"18":[9],"19":[4],"20":[5],"21":[4],"22":[5],"23":[1],"24":[4],"25":[2],"26":[2],"27":[10],"28":[0],"29":[4],"30":[0],"31":[6],"32":[3],"33":[3],"34":[0],"35":[2],"36":[1],"37":[1],"38":[0],"39":[1],"40":[1],"41":[3],"42":[8],"43":[2],"44":[9],"45":[1],"46":[9],"47":[2],"48":[0]},"fnMap":{"0":{"name":"dispatchCajaRefresh","decl":{"start":{"line":33,"column":7},"end":{"line":35,"column":1}},"loc":{"start":{"line":33,"column":7},"end":{"line":35,"column":1}},"line":33},"1":{"name":"getColombiaDateString","decl":{"start":{"line":41,"column":7},"end":{"line":48,"column":1}},"loc":{"start":{"line":41,"column":7},"end":{"line":48,"column":1}},"line":41},"2":{"name":"puedeGestionarCaja","decl":{"start":{"line":53,"column":7},"end":{"line":55,"column":1}},"loc":{"start":{"line":53,"column":7},"end":{"line":55,"column":1}},"line":53},"3":{"name":"CajaBanner","decl":{"start":{"line":72,"column":46},"end":{"line":201,"column":2}},"loc":{"start":{"line":72,"column":46},"end":{"line":201,"column":2}},"line":72},"4":{"name":"handler","decl":{"start":{"line":123,"column":20},"end":{"line":123,"column":38}},"loc":{"start":{"line":123,"column":20},"end":{"line":123,"column":38}},"line":123},"5":{"name":"handleAction","decl":{"start":{"line":128,"column":23},"end":{"line":131,"column":4}},"loc":{"start":{"line":128,"column":23},"end":{"line":131,"column":4}},"line":128}},"f":{"0":4,"1":45,"2":99,"3":19,"4":1,"5":2}}
,"/home/hellhammer/Escritorio/pos-final/apps/pos-dashboard/src/components/caja/CajaTab.tsx": {"path":"/home/hellhammer/Escritorio/pos-final/apps/pos-dashboard/src/components/caja/CajaTab.tsx","all":false,"statementMap":{"0":{"start":{"line":1,"column":0},"end":{"line":1,"column":64}},"1":{"start":{"line":2,"column":0},"end":{"line":2,"column":56}},"2":{"start":{"line":3,"column":0},"end":{"line":3,"column":46}},"3":{"start":{"line":4,"column":0},"end":{"line":4,"column":40}},"4":{"start":{"line":5,"column":0},"end":{"line":5,"column":8}},"5":{"start":{"line":6,"column":0},"end":{"line":6,"column":21}},"6":{"start":{"line":7,"column":0},"end":{"line":7,"column":22}},"7":{"start":{"line":8,"column":0},"end":{"line":8,"column":17}},"8":{"start":{"line":9,"column":0},"end":{"line":9,"column":24}},"9":{"start":{"line":10,"column":0},"end":{"line":10,"column":21}},"10":{"start":{"line":11,"column":0},"end":{"line":11,"column":15}},"11":{"start":{"line":12,"column":0},"end":{"line":12,"column":25}},"12":{"start":{"line":13,"column":0},"end":{"line":13,"column":42}},"13":{"start":{"line":14,"column":0},"end":{"line":14,"column":48}},"14":{"start":{"line":15,"column":0},"end":{"line":15,"column":0}},"15":{"start":{"line":16,"column":0},"end":{"line":16,"column":70}},"16":{"start":{"line":17,"column":0},"end":{"line":17,"column":71}},"17":{"start":{"line":18,"column":0},"end":{"line":18,"column":70}},"18":{"start":{"line":19,"column":0},"end":{"line":19,"column":0}},"19":{"start":{"line":20,"column":0},"end":{"line":20,"column":38}},"20":{"start":{"line":21,"column":0},"end":{"line":21,"column":19}},"21":{"start":{"line":22,"column":0},"end":{"line":22,"column":18}},"22":{"start":{"line":23,"column":0},"end":{"line":23,"column":24}},"23":{"start":{"line":24,"column":0},"end":{"line":24,"column":1}},"24":{"start":{"line":25,"column":0},"end":{"line":25,"column":0}},"25":{"start":{"line":26,"column":0},"end":{"line":26,"column":32}},"26":{"start":{"line":27,"column":0},"end":{"line":27,"column":25}},"27":{"start":{"line":28,"column":0},"end":{"line":28,"column":25}},"28":{"start":{"line":29,"column":0},"end":{"line":29,"column":25}},"29":{"start":{"line":30,"column":0},"end":{"line":30,"column":21}},"30":{"start":{"line":31,"column":0},"end":{"line":31,"column":24}},"31":{"start":{"line":32,"column":0},"end":{"line":32,"column":37}},"32":{"start":{"line":33,"column":0},"end":{"line":33,"column":21}},"33":{"start":{"line":34,"column":0},"end":{"line":34,"column":22}},"34":{"start":{"line":35,"column":0},"end":{"line":35,"column":24}},"35":{"start":{"line":36,"column":0},"end":{"line":36,"column":27}},"36":{"start":{"line":37,"column":0},"end":{"line":37,"column":28}},"37":{"start":{"line":38,"column":0},"end":{"line":38,"column":30}},"38":{"start":{"line":39,"column":0},"end":{"line":39,"column":1}},"39":{"start":{"line":40,"column":0},"end":{"line":40,"column":0}},"40":{"start":{"line":41,"column":0},"end":{"line":41,"column":35}},"41":{"start":{"line":42,"column":0},"end":{"line":42,"column":16}},"42":{"start":{"line":43,"column":0},"end":{"line":43,"column":25}},"43":{"start":{"line":44,"column":0},"end":{"line":44,"column":1}},"44":{"start":{"line":45,"column":0},"end":{"line":45,"column":0}},"45":{"start":{"line":46,"column":0},"end":{"line":46,"column":88}},"46":{"start":{"line":47,"column":0},"end":{"line":47,"column":36}},"47":{"start":{"line":48,"column":0},"end":{"line":48,"column":13}},"48":{"start":{"line":49,"column":0},"end":{"line":49,"column":29}},"49":{"start":{"line":50,"column":0},"end":{"line":50,"column":16}},"50":{"start":{"line":51,"column":0},"end":{"line":51,"column":22}},"51":{"start":{"line":52,"column":0},"end":{"line":52,"column":16}},"52":{"start":{"line":53,"column":0},"end":{"line":53,"column":28}},"53":{"start":{"line":54,"column":0},"end":{"line":54,"column":1}},"54":{"start":{"line":55,"column":0},"end":{"line":55,"column":0}},"55":{"start":{"line":56,"column":0},"end":{"line":56,"column":35}},"56":{"start":{"line":57,"column":0},"end":{"line":57,"column":16}},"57":{"start":{"line":58,"column":0},"end":{"line":58,"column":25}},"58":{"start":{"line":59,"column":0},"end":{"line":59,"column":35}},"59":{"start":{"line":60,"column":0},"end":{"line":60,"column":1}},"60":{"start":{"line":61,"column":0},"end":{"line":61,"column":0}},"61":{"start":{"line":62,"column":0},"end":{"line":62,"column":70}},"62":{"start":{"line":63,"column":0},"end":{"line":63,"column":71}},"63":{"start":{"line":64,"column":0},"end":{"line":64,"column":70}},"64":{"start":{"line":65,"column":0},"end":{"line":65,"column":0}},"65":{"start":{"line":66,"column":0},"end":{"line":66,"column":99}},"66":{"start":{"line":67,"column":0},"end":{"line":67,"column":54}},"67":{"start":{"line":68,"column":0},"end":{"line":68,"column":29}},"68":{"start":{"line":69,"column":0},"end":{"line":69,"column":41}},"69":{"start":{"line":70,"column":0},"end":{"line":70,"column":39}},"70":{"start":{"line":71,"column":0},"end":{"line":71,"column":26}},"71":{"start":{"line":72,"column":0},"end":{"line":72,"column":1}},"72":{"start":{"line":73,"column":0},"end":{"line":73,"column":0}},"73":{"start":{"line":74,"column":0},"end":{"line":74,"column":86}},"74":{"start":{"line":75,"column":0},"end":{"line":75,"column":60}},"75":{"start":{"line":76,"column":0},"end":{"line":76,"column":45}},"76":{"start":{"line":77,"column":0},"end":{"line":77,"column":1}},"77":{"start":{"line":78,"column":0},"end":{"line":78,"column":0}},"78":{"start":{"line":79,"column":0},"end":{"line":79,"column":71}},"79":{"start":{"line":80,"column":0},"end":{"line":80,"column":79}},"80":{"start":{"line":81,"column":0},"end":{"line":81,"column":29}},"81":{"start":{"line":82,"column":0},"end":{"line":82,"column":70}},"82":{"start":{"line":83,"column":0},"end":{"line":83,"column":64}},"83":{"start":{"line":84,"column":0},"end":{"line":84,"column":1}},"84":{"start":{"line":85,"column":0},"end":{"line":85,"column":0}},"85":{"start":{"line":86,"column":0},"end":{"line":86,"column":108}},"86":{"start":{"line":87,"column":0},"end":{"line":87,"column":55}},"87":{"start":{"line":88,"column":0},"end":{"line":88,"column":71}},"88":{"start":{"line":89,"column":0},"end":{"line":89,"column":28}},"89":{"start":{"line":90,"column":0},"end":{"line":90,"column":44}},"90":{"start":{"line":91,"column":0},"end":{"line":91,"column":36}},"91":{"start":{"line":92,"column":0},"end":{"line":92,"column":19}},"92":{"start":{"line":93,"column":0},"end":{"line":93,"column":21}},"93":{"start":{"line":94,"column":0},"end":{"line":94,"column":20}},"94":{"start":{"line":95,"column":0},"end":{"line":95,"column":20}},"95":{"start":{"line":96,"column":0},"end":{"line":96,"column":22}},"96":{"start":{"line":97,"column":0},"end":{"line":97,"column":5}},"97":{"start":{"line":98,"column":0},"end":{"line":98,"column":1}},"98":{"start":{"line":99,"column":0},"end":{"line":99,"column":0}},"99":{"start":{"line":100,"column":0},"end":{"line":100,"column":47}},"100":{"start":{"line":101,"column":0},"end":{"line":101,"column":23}},"101":{"start":{"line":102,"column":0},"end":{"line":102,"column":21}},"102":{"start":{"line":103,"column":0},"end":{"line":103,"column":33}},"103":{"start":{"line":104,"column":0},"end":{"line":104,"column":2}},"104":{"start":{"line":105,"column":0},"end":{"line":105,"column":0}},"105":{"start":{"line":106,"column":0},"end":{"line":106,"column":25}},"106":{"start":{"line":107,"column":0},"end":{"line":107,"column":0}},"107":{"start":{"line":108,"column":0},"end":{"line":108,"column":47}},"108":{"start":{"line":109,"column":0},"end":{"line":109,"column":0}},"109":{"start":{"line":110,"column":0},"end":{"line":110,"column":40}},"110":{"start":{"line":111,"column":0},"end":{"line":111,"column":35}},"111":{"start":{"line":112,"column":0},"end":{"line":112,"column":36}},"112":{"start":{"line":113,"column":0},"end":{"line":113,"column":35}},"113":{"start":{"line":114,"column":0},"end":{"line":114,"column":26}},"114":{"start":{"line":115,"column":0},"end":{"line":115,"column":23}},"115":{"start":{"line":116,"column":0},"end":{"line":116,"column":2}},"116":{"start":{"line":117,"column":0},"end":{"line":117,"column":0}},"117":{"start":{"line":118,"column":0},"end":{"line":118,"column":46}},"118":{"start":{"line":119,"column":0},"end":{"line":119,"column":30}},"119":{"start":{"line":120,"column":0},"end":{"line":120,"column":17}},"120":{"start":{"line":121,"column":0},"end":{"line":121,"column":35}},"121":{"start":{"line":122,"column":0},"end":{"line":122,"column":26}},"122":{"start":{"line":123,"column":0},"end":{"line":123,"column":28}},"123":{"start":{"line":124,"column":0},"end":{"line":124,"column":38}},"124":{"start":{"line":125,"column":0},"end":{"line":125,"column":24}},"125":{"start":{"line":126,"column":0},"end":{"line":126,"column":18}},"126":{"start":{"line":127,"column":0},"end":{"line":127,"column":20}},"127":{"start":{"line":128,"column":0},"end":{"line":128,"column":49}},"128":{"start":{"line":129,"column":0},"end":{"line":129,"column":48}},"129":{"start":{"line":130,"column":0},"end":{"line":130,"column":32}},"130":{"start":{"line":131,"column":0},"end":{"line":131,"column":2}},"131":{"start":{"line":132,"column":0},"end":{"line":132,"column":0}},"132":{"start":{"line":133,"column":0},"end":{"line":133,"column":45}},"133":{"start":{"line":134,"column":0},"end":{"line":134,"column":21}},"134":{"start":{"line":135,"column":0},"end":{"line":135,"column":30}},"135":{"start":{"line":136,"column":0},"end":{"line":136,"column":48}},"136":{"start":{"line":137,"column":0},"end":{"line":137,"column":2}},"137":{"start":{"line":138,"column":0},"end":{"line":138,"column":0}},"138":{"start":{"line":139,"column":0},"end":{"line":139,"column":44}},"139":{"start":{"line":140,"column":0},"end":{"line":140,"column":21}},"140":{"start":{"line":141,"column":0},"end":{"line":141,"column":36}},"141":{"start":{"line":142,"column":0},"end":{"line":142,"column":35}},"142":{"start":{"line":143,"column":0},"end":{"line":143,"column":33}},"143":{"start":{"line":144,"column":0},"end":{"line":144,"column":28}},"144":{"start":{"line":145,"column":0},"end":{"line":145,"column":38}},"145":{"start":{"line":146,"column":0},"end":{"line":146,"column":24}},"146":{"start":{"line":147,"column":0},"end":{"line":147,"column":18}},"147":{"start":{"line":148,"column":0},"end":{"line":148,"column":20}},"148":{"start":{"line":149,"column":0},"end":{"line":149,"column":32}},"149":{"start":{"line":150,"column":0},"end":{"line":150,"column":2}},"150":{"start":{"line":151,"column":0},"end":{"line":151,"column":0}},"151":{"start":{"line":152,"column":0},"end":{"line":152,"column":43}},"152":{"start":{"line":153,"column":0},"end":{"line":153,"column":20}},"153":{"start":{"line":154,"column":0},"end":{"line":154,"column":11}},"154":{"start":{"line":155,"column":0},"end":{"line":155,"column":32}},"155":{"start":{"line":156,"column":0},"end":{"line":156,"column":30}},"156":{"start":{"line":157,"column":0},"end":{"line":157,"column":36}},"157":{"start":{"line":158,"column":0},"end":{"line":158,"column":18}},"158":{"start":{"line":159,"column":0},"end":{"line":159,"column":27}},"159":{"start":{"line":160,"column":0},"end":{"line":160,"column":27}},"160":{"start":{"line":161,"column":0},"end":{"line":161,"column":14}},"161":{"start":{"line":162,"column":0},"end":{"line":162,"column":28}},"162":{"start":{"line":163,"column":0},"end":{"line":163,"column":2}},"163":{"start":{"line":164,"column":0},"end":{"line":164,"column":0}},"164":{"start":{"line":165,"column":0},"end":{"line":165,"column":41}},"165":{"start":{"line":166,"column":0},"end":{"line":166,"column":34}},"166":{"start":{"line":167,"column":0},"end":{"line":167,"column":46}},"167":{"start":{"line":168,"column":0},"end":{"line":168,"column":52}},"168":{"start":{"line":169,"column":0},"end":{"line":169,"column":36}},"169":{"start":{"line":170,"column":0},"end":{"line":170,"column":35}},"170":{"start":{"line":171,"column":0},"end":{"line":171,"column":76}},"171":{"start":{"line":172,"column":0},"end":{"line":172,"column":16}},"172":{"start":{"line":173,"column":0},"end":{"line":173,"column":16}},"173":{"start":{"line":174,"column":0},"end":{"line":174,"column":20}},"174":{"start":{"line":175,"column":0},"end":{"line":175,"column":18}},"175":{"start":{"line":176,"column":0},"end":{"line":176,"column":26}},"176":{"start":{"line":177,"column":0},"end":{"line":177,"column":21}},"177":{"start":{"line":178,"column":0},"end":{"line":178,"column":2}},"178":{"start":{"line":179,"column":0},"end":{"line":179,"column":0}},"179":{"start":{"line":180,"column":0},"end":{"line":180,"column":41}},"180":{"start":{"line":181,"column":0},"end":{"line":181,"column":16}},"181":{"start":{"line":182,"column":0},"end":{"line":182,"column":31}},"182":{"start":{"line":183,"column":0},"end":{"line":183,"column":36}},"183":{"start":{"line":184,"column":0},"end":{"line":184,"column":35}},"184":{"start":{"line":185,"column":0},"end":{"line":185,"column":31}},"185":{"start":{"line":186,"column":0},"end":{"line":186,"column":28}},"186":{"start":{"line":187,"column":0},"end":{"line":187,"column":38}},"187":{"start":{"line":188,"column":0},"end":{"line":188,"column":23}},"188":{"start":{"line":189,"column":0},"end":{"line":189,"column":18}},"189":{"start":{"line":190,"column":0},"end":{"line":190,"column":2}},"190":{"start":{"line":191,"column":0},"end":{"line":191,"column":0}},"191":{"start":{"line":192,"column":0},"end":{"line":192,"column":70}},"192":{"start":{"line":193,"column":0},"end":{"line":193,"column":71}},"193":{"start":{"line":194,"column":0},"end":{"line":194,"column":70}},"194":{"start":{"line":195,"column":0},"end":{"line":195,"column":0}},"195":{"start":{"line":196,"column":0},"end":{"line":196,"column":24}},"196":{"start":{"line":197,"column":0},"end":{"line":197,"column":25}},"197":{"start":{"line":198,"column":0},"end":{"line":198,"column":21}},"198":{"start":{"line":199,"column":0},"end":{"line":199,"column":1}},"199":{"start":{"line":200,"column":0},"end":{"line":200,"column":0}},"200":{"start":{"line":201,"column":0},"end":{"line":201,"column":64}},"201":{"start":{"line":202,"column":0},"end":{"line":202,"column":35}},"202":{"start":{"line":203,"column":0},"end":{"line":203,"column":57}},"203":{"start":{"line":204,"column":0},"end":{"line":204,"column":47}},"204":{"start":{"line":205,"column":0},"end":{"line":205,"column":0}},"205":{"start":{"line":206,"column":0},"end":{"line":206,"column":25}},"206":{"start":{"line":207,"column":0},"end":{"line":207,"column":52}},"207":{"start":{"line":208,"column":0},"end":{"line":208,"column":55}},"208":{"start":{"line":209,"column":0},"end":{"line":209,"column":64}},"209":{"start":{"line":210,"column":0},"end":{"line":210,"column":0}},"210":{"start":{"line":211,"column":0},"end":{"line":211,"column":35}},"211":{"start":{"line":212,"column":0},"end":{"line":212,"column":54}},"212":{"start":{"line":213,"column":0},"end":{"line":213,"column":102}},"213":{"start":{"line":214,"column":0},"end":{"line":214,"column":72}},"214":{"start":{"line":215,"column":0},"end":{"line":215,"column":71}},"215":{"start":{"line":216,"column":0},"end":{"line":216,"column":64}},"216":{"start":{"line":217,"column":0},"end":{"line":217,"column":65}},"217":{"start":{"line":218,"column":0},"end":{"line":218,"column":66}},"218":{"start":{"line":219,"column":0},"end":{"line":219,"column":72}},"219":{"start":{"line":220,"column":0},"end":{"line":220,"column":0}},"220":{"start":{"line":221,"column":0},"end":{"line":221,"column":43}},"221":{"start":{"line":222,"column":0},"end":{"line":222,"column":68}},"222":{"start":{"line":223,"column":0},"end":{"line":223,"column":72}},"223":{"start":{"line":224,"column":0},"end":{"line":224,"column":0}},"224":{"start":{"line":225,"column":0},"end":{"line":225,"column":32}},"225":{"start":{"line":226,"column":0},"end":{"line":226,"column":56}},"226":{"start":{"line":227,"column":0},"end":{"line":227,"column":52}},"227":{"start":{"line":228,"column":0},"end":{"line":228,"column":98}},"228":{"start":{"line":229,"column":0},"end":{"line":229,"column":83}},"229":{"start":{"line":230,"column":0},"end":{"line":230,"column":0}},"230":{"start":{"line":231,"column":0},"end":{"line":231,"column":74}},"231":{"start":{"line":232,"column":0},"end":{"line":232,"column":58}},"232":{"start":{"line":233,"column":0},"end":{"line":233,"column":0}},"233":{"start":{"line":234,"column":0},"end":{"line":234,"column":37}},"234":{"start":{"line":235,"column":0},"end":{"line":235,"column":56}},"235":{"start":{"line":236,"column":0},"end":{"line":236,"column":75}},"236":{"start":{"line":237,"column":0},"end":{"line":237,"column":83}},"237":{"start":{"line":238,"column":0},"end":{"line":238,"column":88}},"238":{"start":{"line":239,"column":0},"end":{"line":239,"column":62}},"239":{"start":{"line":240,"column":0},"end":{"line":240,"column":0}},"240":{"start":{"line":241,"column":0},"end":{"line":241,"column":45}},"241":{"start":{"line":242,"column":0},"end":{"line":242,"column":0}},"242":{"start":{"line":243,"column":0},"end":{"line":243,"column":22}},"243":{"start":{"line":244,"column":0},"end":{"line":244,"column":45}},"244":{"start":{"line":245,"column":0},"end":{"line":245,"column":25}},"245":{"start":{"line":246,"column":0},"end":{"line":246,"column":9}},"246":{"start":{"line":247,"column":0},"end":{"line":247,"column":72}},"247":{"start":{"line":248,"column":0},"end":{"line":248,"column":34}},"248":{"start":{"line":249,"column":0},"end":{"line":249,"column":13}},"249":{"start":{"line":250,"column":0},"end":{"line":250,"column":47}},"250":{"start":{"line":251,"column":0},"end":{"line":251,"column":20}},"251":{"start":{"line":252,"column":0},"end":{"line":252,"column":15}},"252":{"start":{"line":253,"column":0},"end":{"line":253,"column":24}},"253":{"start":{"line":254,"column":0},"end":{"line":254,"column":5}},"254":{"start":{"line":255,"column":0},"end":{"line":255,"column":16}},"255":{"start":{"line":256,"column":0},"end":{"line":256,"column":0}},"256":{"start":{"line":257,"column":0},"end":{"line":257,"column":35}},"257":{"start":{"line":258,"column":0},"end":{"line":258,"column":29}},"258":{"start":{"line":259,"column":0},"end":{"line":259,"column":27}},"259":{"start":{"line":260,"column":0},"end":{"line":260,"column":11}},"260":{"start":{"line":261,"column":0},"end":{"line":261,"column":39}},"261":{"start":{"line":262,"column":0},"end":{"line":262,"column":81}},"262":{"start":{"line":263,"column":0},"end":{"line":263,"column":10}},"263":{"start":{"line":264,"column":0},"end":{"line":264,"column":35}},"264":{"start":{"line":265,"column":0},"end":{"line":265,"column":40}},"265":{"start":{"line":266,"column":0},"end":{"line":266,"column":89}},"266":{"start":{"line":267,"column":0},"end":{"line":267,"column":15}},"267":{"start":{"line":268,"column":0},"end":{"line":268,"column":23}},"268":{"start":{"line":269,"column":0},"end":{"line":269,"column":7}},"269":{"start":{"line":270,"column":0},"end":{"line":270,"column":6}},"270":{"start":{"line":271,"column":0},"end":{"line":271,"column":14}},"271":{"start":{"line":272,"column":0},"end":{"line":272,"column":4}},"272":{"start":{"line":273,"column":0},"end":{"line":273,"column":0}},"273":{"start":{"line":274,"column":0},"end":{"line":274,"column":83}},"274":{"start":{"line":275,"column":0},"end":{"line":275,"column":87}},"275":{"start":{"line":276,"column":0},"end":{"line":276,"column":54}},"276":{"start":{"line":277,"column":0},"end":{"line":277,"column":25}},"277":{"start":{"line":278,"column":0},"end":{"line":278,"column":9}},"278":{"start":{"line":279,"column":0},"end":{"line":279,"column":96}},"279":{"start":{"line":280,"column":0},"end":{"line":280,"column":42}},"280":{"start":{"line":281,"column":0},"end":{"line":281,"column":13}},"281":{"start":{"line":282,"column":0},"end":{"line":282,"column":22}},"282":{"start":{"line":283,"column":0},"end":{"line":283,"column":5}},"283":{"start":{"line":284,"column":0},"end":{"line":284,"column":16}},"284":{"start":{"line":285,"column":0},"end":{"line":285,"column":0}},"285":{"start":{"line":286,"column":0},"end":{"line":286,"column":50}},"286":{"start":{"line":287,"column":0},"end":{"line":287,"column":25}},"287":{"start":{"line":288,"column":0},"end":{"line":288,"column":9}},"288":{"start":{"line":289,"column":0},"end":{"line":289,"column":70}},"289":{"start":{"line":290,"column":0},"end":{"line":290,"column":37}},"290":{"start":{"line":291,"column":0},"end":{"line":291,"column":49}},"291":{"start":{"line":292,"column":0},"end":{"line":292,"column":44}},"292":{"start":{"line":293,"column":0},"end":{"line":293,"column":29}},"293":{"start":{"line":294,"column":0},"end":{"line":294,"column":64}},"294":{"start":{"line":295,"column":0},"end":{"line":295,"column":7}},"295":{"start":{"line":296,"column":0},"end":{"line":296,"column":27}},"296":{"start":{"line":297,"column":0},"end":{"line":297,"column":13}},"297":{"start":{"line":298,"column":0},"end":{"line":298,"column":38}},"298":{"start":{"line":299,"column":0},"end":{"line":299,"column":5}},"299":{"start":{"line":300,"column":0},"end":{"line":300,"column":16}},"300":{"start":{"line":301,"column":0},"end":{"line":301,"column":0}},"301":{"start":{"line":302,"column":0},"end":{"line":302,"column":49}},"302":{"start":{"line":303,"column":0},"end":{"line":303,"column":25}},"303":{"start":{"line":304,"column":0},"end":{"line":304,"column":29}},"304":{"start":{"line":305,"column":0},"end":{"line":305,"column":9}},"305":{"start":{"line":306,"column":0},"end":{"line":306,"column":81}},"306":{"start":{"line":307,"column":0},"end":{"line":307,"column":38}},"307":{"start":{"line":308,"column":0},"end":{"line":308,"column":13}},"308":{"start":{"line":309,"column":0},"end":{"line":309,"column":24}},"309":{"start":{"line":310,"column":0},"end":{"line":310,"column":15}},"310":{"start":{"line":311,"column":0},"end":{"line":311,"column":32}},"311":{"start":{"line":312,"column":0},"end":{"line":312,"column":5}},"312":{"start":{"line":313,"column":0},"end":{"line":313,"column":16}},"313":{"start":{"line":314,"column":0},"end":{"line":314,"column":0}},"314":{"start":{"line":315,"column":0},"end":{"line":315,"column":89}},"315":{"start":{"line":316,"column":0},"end":{"line":316,"column":39}},"316":{"start":{"line":317,"column":0},"end":{"line":317,"column":27}},"317":{"start":{"line":318,"column":0},"end":{"line":318,"column":27}},"318":{"start":{"line":319,"column":0},"end":{"line":319,"column":26}},"319":{"start":{"line":320,"column":0},"end":{"line":320,"column":30}},"320":{"start":{"line":321,"column":0},"end":{"line":321,"column":32}},"321":{"start":{"line":322,"column":0},"end":{"line":322,"column":27}},"322":{"start":{"line":323,"column":0},"end":{"line":323,"column":30}},"323":{"start":{"line":324,"column":0},"end":{"line":324,"column":11}},"324":{"start":{"line":325,"column":0},"end":{"line":325,"column":82}},"325":{"start":{"line":326,"column":0},"end":{"line":326,"column":55}},"326":{"start":{"line":327,"column":0},"end":{"line":327,"column":61}},"327":{"start":{"line":328,"column":0},"end":{"line":328,"column":15}},"328":{"start":{"line":329,"column":0},"end":{"line":329,"column":69}},"329":{"start":{"line":330,"column":0},"end":{"line":330,"column":17}},"330":{"start":{"line":331,"column":0},"end":{"line":331,"column":33}},"331":{"start":{"line":332,"column":0},"end":{"line":332,"column":7}},"332":{"start":{"line":333,"column":0},"end":{"line":333,"column":6}},"333":{"start":{"line":334,"column":0},"end":{"line":334,"column":14}},"334":{"start":{"line":335,"column":0},"end":{"line":335,"column":4}},"335":{"start":{"line":336,"column":0},"end":{"line":336,"column":0}},"336":{"start":{"line":337,"column":0},"end":{"line":337,"column":40}},"337":{"start":{"line":338,"column":0},"end":{"line":338,"column":16}},"338":{"start":{"line":339,"column":0},"end":{"line":339,"column":30}},"339":{"start":{"line":340,"column":0},"end":{"line":340,"column":25}},"340":{"start":{"line":341,"column":0},"end":{"line":341,"column":65}},"341":{"start":{"line":342,"column":0},"end":{"line":342,"column":0}},"342":{"start":{"line":343,"column":0},"end":{"line":343,"column":43}},"343":{"start":{"line":344,"column":0},"end":{"line":344,"column":19}},"344":{"start":{"line":345,"column":0},"end":{"line":345,"column":16}},"345":{"start":{"line":346,"column":0},"end":{"line":346,"column":20}},"346":{"start":{"line":347,"column":0},"end":{"line":347,"column":25}},"347":{"start":{"line":348,"column":0},"end":{"line":348,"column":21}},"348":{"start":{"line":349,"column":0},"end":{"line":349,"column":60}},"349":{"start":{"line":350,"column":0},"end":{"line":350,"column":76}},"350":{"start":{"line":351,"column":0},"end":{"line":351,"column":80}},"351":{"start":{"line":352,"column":0},"end":{"line":352,"column":0}},"352":{"start":{"line":353,"column":0},"end":{"line":353,"column":22}},"353":{"start":{"line":354,"column":0},"end":{"line":354,"column":35}},"354":{"start":{"line":355,"column":0},"end":{"line":355,"column":25}},"355":{"start":{"line":356,"column":0},"end":{"line":356,"column":29}},"356":{"start":{"line":357,"column":0},"end":{"line":357,"column":9}},"357":{"start":{"line":358,"column":0},"end":{"line":358,"column":73}},"358":{"start":{"line":359,"column":0},"end":{"line":359,"column":43}},"359":{"start":{"line":360,"column":0},"end":{"line":360,"column":9}},"360":{"start":{"line":361,"column":0},"end":{"line":361,"column":34}},"361":{"start":{"line":362,"column":0},"end":{"line":362,"column":26}},"362":{"start":{"line":363,"column":0},"end":{"line":363,"column":26}},"363":{"start":{"line":364,"column":0},"end":{"line":364,"column":28}},"364":{"start":{"line":365,"column":0},"end":{"line":365,"column":22}},"365":{"start":{"line":366,"column":0},"end":{"line":366,"column":15}},"366":{"start":{"line":367,"column":0},"end":{"line":367,"column":32}},"367":{"start":{"line":368,"column":0},"end":{"line":368,"column":5}},"368":{"start":{"line":369,"column":0},"end":{"line":369,"column":4}},"369":{"start":{"line":370,"column":0},"end":{"line":370,"column":0}},"370":{"start":{"line":371,"column":0},"end":{"line":371,"column":36}},"371":{"start":{"line":372,"column":0},"end":{"line":372,"column":25}},"372":{"start":{"line":373,"column":0},"end":{"line":373,"column":30}},"373":{"start":{"line":374,"column":0},"end":{"line":374,"column":9}},"374":{"start":{"line":375,"column":0},"end":{"line":375,"column":74}},"375":{"start":{"line":376,"column":0},"end":{"line":376,"column":53}},"376":{"start":{"line":377,"column":0},"end":{"line":377,"column":84}},"377":{"start":{"line":378,"column":0},"end":{"line":378,"column":58}},"378":{"start":{"line":379,"column":0},"end":{"line":379,"column":9}},"379":{"start":{"line":380,"column":0},"end":{"line":380,"column":37}},"380":{"start":{"line":381,"column":0},"end":{"line":381,"column":27}},"381":{"start":{"line":382,"column":0},"end":{"line":382,"column":20}},"382":{"start":{"line":383,"column":0},"end":{"line":383,"column":31}},"383":{"start":{"line":384,"column":0},"end":{"line":384,"column":28}},"384":{"start":{"line":385,"column":0},"end":{"line":385,"column":28}},"385":{"start":{"line":386,"column":0},"end":{"line":386,"column":22}},"386":{"start":{"line":387,"column":0},"end":{"line":387,"column":27}},"387":{"start":{"line":388,"column":0},"end":{"line":388,"column":15}},"388":{"start":{"line":389,"column":0},"end":{"line":389,"column":33}},"389":{"start":{"line":390,"column":0},"end":{"line":390,"column":5}},"390":{"start":{"line":391,"column":0},"end":{"line":391,"column":4}},"391":{"start":{"line":392,"column":0},"end":{"line":392,"column":0}},"392":{"start":{"line":393,"column":0},"end":{"line":393,"column":37}},"393":{"start":{"line":394,"column":0},"end":{"line":394,"column":25}},"394":{"start":{"line":395,"column":0},"end":{"line":395,"column":85}},"395":{"start":{"line":396,"column":0},"end":{"line":396,"column":26}},"396":{"start":{"line":397,"column":0},"end":{"line":397,"column":31}},"397":{"start":{"line":398,"column":0},"end":{"line":398,"column":9}},"398":{"start":{"line":399,"column":0},"end":{"line":399,"column":74}},"399":{"start":{"line":400,"column":0},"end":{"line":400,"column":34}},"400":{"start":{"line":401,"column":0},"end":{"line":401,"column":28}},"401":{"start":{"line":402,"column":0},"end":{"line":402,"column":22}},"402":{"start":{"line":403,"column":0},"end":{"line":403,"column":19}},"403":{"start":{"line":404,"column":0},"end":{"line":404,"column":99}},"404":{"start":{"line":405,"column":0},"end":{"line":405,"column":22}},"405":{"start":{"line":406,"column":0},"end":{"line":406,"column":39}},"406":{"start":{"line":407,"column":0},"end":{"line":407,"column":68}},"407":{"start":{"line":408,"column":0},"end":{"line":408,"column":77}},"408":{"start":{"line":409,"column":0},"end":{"line":409,"column":20}},"409":{"start":{"line":410,"column":0},"end":{"line":410,"column":46}},"410":{"start":{"line":411,"column":0},"end":{"line":411,"column":60}},"411":{"start":{"line":412,"column":0},"end":{"line":412,"column":14}},"412":{"start":{"line":413,"column":0},"end":{"line":413,"column":73}},"413":{"start":{"line":414,"column":0},"end":{"line":414,"column":7}},"414":{"start":{"line":415,"column":0},"end":{"line":415,"column":15}},"415":{"start":{"line":416,"column":0},"end":{"line":416,"column":34}},"416":{"start":{"line":417,"column":0},"end":{"line":417,"column":5}},"417":{"start":{"line":418,"column":0},"end":{"line":418,"column":4}},"418":{"start":{"line":419,"column":0},"end":{"line":419,"column":0}},"419":{"start":{"line":420,"column":0},"end":{"line":420,"column":28}},"420":{"start":{"line":421,"column":0},"end":{"line":421,"column":24}},"421":{"start":{"line":422,"column":0},"end":{"line":422,"column":23}},"422":{"start":{"line":423,"column":0},"end":{"line":423,"column":4}},"423":{"start":{"line":424,"column":0},"end":{"line":424,"column":0}},"424":{"start":{"line":425,"column":0},"end":{"line":425,"column":29}},"425":{"start":{"line":426,"column":0},"end":{"line":426,"column":29}},"426":{"start":{"line":427,"column":0},"end":{"line":427,"column":22}},"427":{"start":{"line":428,"column":0},"end":{"line":428,"column":26}},"428":{"start":{"line":429,"column":0},"end":{"line":429,"column":24}},"429":{"start":{"line":430,"column":0},"end":{"line":430,"column":20}},"430":{"start":{"line":431,"column":0},"end":{"line":431,"column":4}},"431":{"start":{"line":432,"column":0},"end":{"line":432,"column":0}},"432":{"start":{"line":433,"column":0},"end":{"line":433,"column":92}},"433":{"start":{"line":434,"column":0},"end":{"line":434,"column":39}},"434":{"start":{"line":435,"column":0},"end":{"line":435,"column":27}},"435":{"start":{"line":436,"column":0},"end":{"line":436,"column":27}},"436":{"start":{"line":437,"column":0},"end":{"line":437,"column":31}},"437":{"start":{"line":438,"column":0},"end":{"line":438,"column":24}},"438":{"start":{"line":439,"column":0},"end":{"line":439,"column":28}},"439":{"start":{"line":440,"column":0},"end":{"line":440,"column":26}},"440":{"start":{"line":441,"column":0},"end":{"line":441,"column":31}},"441":{"start":{"line":442,"column":0},"end":{"line":442,"column":11}},"442":{"start":{"line":443,"column":0},"end":{"line":443,"column":82}},"443":{"start":{"line":444,"column":0},"end":{"line":444,"column":91}},"444":{"start":{"line":445,"column":0},"end":{"line":445,"column":49}},"445":{"start":{"line":446,"column":0},"end":{"line":446,"column":15}},"446":{"start":{"line":447,"column":0},"end":{"line":447,"column":26}},"447":{"start":{"line":448,"column":0},"end":{"line":448,"column":17}},"448":{"start":{"line":449,"column":0},"end":{"line":449,"column":34}},"449":{"start":{"line":450,"column":0},"end":{"line":450,"column":7}},"450":{"start":{"line":451,"column":0},"end":{"line":451,"column":6}},"451":{"start":{"line":452,"column":0},"end":{"line":452,"column":14}},"452":{"start":{"line":453,"column":0},"end":{"line":453,"column":4}},"453":{"start":{"line":454,"column":0},"end":{"line":454,"column":0}},"454":{"start":{"line":455,"column":0},"end":{"line":455,"column":74}},"455":{"start":{"line":456,"column":0},"end":{"line":456,"column":83}},"456":{"start":{"line":457,"column":0},"end":{"line":457,"column":27}},"457":{"start":{"line":458,"column":0},"end":{"line":458,"column":85}},"458":{"start":{"line":459,"column":0},"end":{"line":459,"column":0}},"459":{"start":{"line":460,"column":0},"end":{"line":460,"column":68}},"460":{"start":{"line":461,"column":0},"end":{"line":461,"column":31}},"461":{"start":{"line":462,"column":0},"end":{"line":462,"column":44}},"462":{"start":{"line":463,"column":0},"end":{"line":463,"column":4}},"463":{"start":{"line":464,"column":0},"end":{"line":464,"column":0}},"464":{"start":{"line":465,"column":0},"end":{"line":465,"column":72}},"465":{"start":{"line":466,"column":0},"end":{"line":466,"column":72}},"466":{"start":{"line":467,"column":0},"end":{"line":467,"column":72}},"467":{"start":{"line":468,"column":0},"end":{"line":468,"column":0}},"468":{"start":{"line":469,"column":0},"end":{"line":469,"column":54}},"469":{"start":{"line":470,"column":0},"end":{"line":470,"column":79}},"470":{"start":{"line":471,"column":0},"end":{"line":471,"column":96}},"471":{"start":{"line":472,"column":0},"end":{"line":472,"column":37}},"472":{"start":{"line":473,"column":0},"end":{"line":473,"column":75}},"473":{"start":{"line":474,"column":0},"end":{"line":474,"column":4}},"474":{"start":{"line":475,"column":0},"end":{"line":475,"column":94}},"475":{"start":{"line":476,"column":0},"end":{"line":476,"column":66}},"476":{"start":{"line":477,"column":0},"end":{"line":477,"column":0}},"477":{"start":{"line":478,"column":0},"end":{"line":478,"column":77}},"478":{"start":{"line":479,"column":0},"end":{"line":479,"column":82}},"479":{"start":{"line":480,"column":0},"end":{"line":480,"column":75}},"480":{"start":{"line":481,"column":0},"end":{"line":481,"column":20}},"481":{"start":{"line":482,"column":0},"end":{"line":482,"column":15}},"482":{"start":{"line":483,"column":0},"end":{"line":483,"column":93}},"483":{"start":{"line":484,"column":0},"end":{"line":484,"column":0}},"484":{"start":{"line":485,"column":0},"end":{"line":485,"column":10}},"485":{"start":{"line":486,"column":0},"end":{"line":486,"column":110}},"486":{"start":{"line":487,"column":0},"end":{"line":487,"column":33}},"487":{"start":{"line":488,"column":0},"end":{"line":488,"column":29}},"488":{"start":{"line":489,"column":0},"end":{"line":489,"column":20}},"489":{"start":{"line":490,"column":0},"end":{"line":490,"column":112}},"490":{"start":{"line":491,"column":0},"end":{"line":491,"column":36}},"491":{"start":{"line":492,"column":0},"end":{"line":492,"column":16}},"492":{"start":{"line":493,"column":0},"end":{"line":493,"column":23}},"493":{"start":{"line":494,"column":0},"end":{"line":494,"column":12}},"494":{"start":{"line":495,"column":0},"end":{"line":495,"column":134}},"495":{"start":{"line":496,"column":0},"end":{"line":496,"column":102}},"496":{"start":{"line":497,"column":0},"end":{"line":497,"column":206}},"497":{"start":{"line":498,"column":0},"end":{"line":498,"column":25}},"498":{"start":{"line":499,"column":0},"end":{"line":499,"column":23}},"499":{"start":{"line":500,"column":0},"end":{"line":500,"column":151}},"500":{"start":{"line":501,"column":0},"end":{"line":501,"column":30}},"501":{"start":{"line":502,"column":0},"end":{"line":502,"column":21}},"502":{"start":{"line":503,"column":0},"end":{"line":503,"column":20}},"503":{"start":{"line":504,"column":0},"end":{"line":504,"column":29}},"504":{"start":{"line":505,"column":0},"end":{"line":505,"column":69}},"505":{"start":{"line":506,"column":0},"end":{"line":506,"column":24}},"506":{"start":{"line":507,"column":0},"end":{"line":507,"column":25}},"507":{"start":{"line":508,"column":0},"end":{"line":508,"column":16}},"508":{"start":{"line":509,"column":0},"end":{"line":509,"column":18}},"509":{"start":{"line":510,"column":0},"end":{"line":510,"column":143}},"510":{"start":{"line":511,"column":0},"end":{"line":511,"column":19}},"511":{"start":{"line":512,"column":0},"end":{"line":512,"column":174}},"512":{"start":{"line":513,"column":0},"end":{"line":513,"column":175}},"513":{"start":{"line":514,"column":0},"end":{"line":514,"column":20}},"514":{"start":{"line":515,"column":0},"end":{"line":515,"column":19}},"515":{"start":{"line":516,"column":0},"end":{"line":516,"column":172}},"516":{"start":{"line":517,"column":0},"end":{"line":517,"column":181}},"517":{"start":{"line":518,"column":0},"end":{"line":518,"column":20}},"518":{"start":{"line":519,"column":0},"end":{"line":519,"column":19}},"519":{"start":{"line":520,"column":0},"end":{"line":520,"column":166}},"520":{"start":{"line":521,"column":0},"end":{"line":521,"column":179}},"521":{"start":{"line":522,"column":0},"end":{"line":522,"column":20}},"522":{"start":{"line":523,"column":0},"end":{"line":523,"column":47}},"523":{"start":{"line":524,"column":0},"end":{"line":524,"column":21}},"524":{"start":{"line":525,"column":0},"end":{"line":525,"column":171}},"525":{"start":{"line":526,"column":0},"end":{"line":526,"column":183}},"526":{"start":{"line":527,"column":0},"end":{"line":527,"column":22}},"527":{"start":{"line":528,"column":0},"end":{"line":528,"column":16}},"528":{"start":{"line":529,"column":0},"end":{"line":529,"column":18}},"529":{"start":{"line":530,"column":0},"end":{"line":530,"column":13}},"530":{"start":{"line":531,"column":0},"end":{"line":531,"column":13}},"531":{"start":{"line":532,"column":0},"end":{"line":532,"column":132}},"532":{"start":{"line":533,"column":0},"end":{"line":533,"column":17}},"533":{"start":{"line":534,"column":0},"end":{"line":534,"column":197}},"534":{"start":{"line":535,"column":0},"end":{"line":535,"column":28}},"535":{"start":{"line":536,"column":0},"end":{"line":536,"column":21}},"536":{"start":{"line":537,"column":0},"end":{"line":537,"column":142}},"537":{"start":{"line":538,"column":0},"end":{"line":538,"column":27}},"538":{"start":{"line":539,"column":0},"end":{"line":539,"column":89}},"539":{"start":{"line":540,"column":0},"end":{"line":540,"column":30}},"540":{"start":{"line":541,"column":0},"end":{"line":541,"column":84}},"541":{"start":{"line":542,"column":0},"end":{"line":542,"column":85}},"542":{"start":{"line":543,"column":0},"end":{"line":543,"column":18}},"543":{"start":{"line":544,"column":0},"end":{"line":544,"column":32}},"544":{"start":{"line":545,"column":0},"end":{"line":545,"column":149}},"545":{"start":{"line":546,"column":0},"end":{"line":546,"column":32}},"546":{"start":{"line":547,"column":0},"end":{"line":547,"column":20}},"547":{"start":{"line":548,"column":0},"end":{"line":548,"column":16}},"548":{"start":{"line":549,"column":0},"end":{"line":549,"column":18}},"549":{"start":{"line":550,"column":0},"end":{"line":550,"column":25}},"550":{"start":{"line":551,"column":0},"end":{"line":551,"column":29}},"551":{"start":{"line":552,"column":0},"end":{"line":552,"column":146}},"552":{"start":{"line":553,"column":0},"end":{"line":553,"column":70}},"553":{"start":{"line":554,"column":0},"end":{"line":554,"column":25}},"554":{"start":{"line":555,"column":0},"end":{"line":555,"column":33}},"555":{"start":{"line":556,"column":0},"end":{"line":556,"column":69}},"556":{"start":{"line":557,"column":0},"end":{"line":557,"column":23}},"557":{"start":{"line":558,"column":0},"end":{"line":558,"column":25}},"558":{"start":{"line":559,"column":0},"end":{"line":559,"column":24}},"559":{"start":{"line":560,"column":0},"end":{"line":560,"column":16}},"560":{"start":{"line":561,"column":0},"end":{"line":561,"column":10}},"561":{"start":{"line":562,"column":0},"end":{"line":562,"column":12}},"562":{"start":{"line":563,"column":0},"end":{"line":563,"column":0}},"563":{"start":{"line":564,"column":0},"end":{"line":564,"column":85}},"564":{"start":{"line":565,"column":0},"end":{"line":565,"column":33}},"565":{"start":{"line":566,"column":0},"end":{"line":566,"column":12}},"566":{"start":{"line":567,"column":0},"end":{"line":567,"column":22}},"567":{"start":{"line":568,"column":0},"end":{"line":568,"column":18}},"568":{"start":{"line":569,"column":0},"end":{"line":569,"column":47}},"569":{"start":{"line":570,"column":0},"end":{"line":570,"column":54}},"570":{"start":{"line":571,"column":0},"end":{"line":571,"column":45}},"571":{"start":{"line":572,"column":0},"end":{"line":572,"column":36}},"572":{"start":{"line":573,"column":0},"end":{"line":573,"column":33}},"573":{"start":{"line":574,"column":0},"end":{"line":574,"column":28}},"574":{"start":{"line":575,"column":0},"end":{"line":575,"column":33}},"575":{"start":{"line":576,"column":0},"end":{"line":576,"column":44}},"576":{"start":{"line":577,"column":0},"end":{"line":577,"column":27}},"577":{"start":{"line":578,"column":0},"end":{"line":578,"column":29}},"578":{"start":{"line":579,"column":0},"end":{"line":579,"column":12}},"579":{"start":{"line":580,"column":0},"end":{"line":580,"column":9}},"580":{"start":{"line":581,"column":0},"end":{"line":581,"column":15}},"581":{"start":{"line":582,"column":0},"end":{"line":582,"column":128}},"582":{"start":{"line":583,"column":0},"end":{"line":583,"column":99}},"583":{"start":{"line":584,"column":0},"end":{"line":584,"column":18}},"584":{"start":{"line":585,"column":0},"end":{"line":585,"column":139}},"585":{"start":{"line":586,"column":0},"end":{"line":586,"column":95}},"586":{"start":{"line":587,"column":0},"end":{"line":587,"column":18}},"587":{"start":{"line":588,"column":0},"end":{"line":588,"column":16}},"588":{"start":{"line":589,"column":0},"end":{"line":589,"column":59}},"589":{"start":{"line":590,"column":0},"end":{"line":590,"column":19}},"590":{"start":{"line":591,"column":0},"end":{"line":591,"column":61}},"591":{"start":{"line":592,"column":0},"end":{"line":592,"column":22}},"592":{"start":{"line":593,"column":0},"end":{"line":593,"column":35}},"593":{"start":{"line":594,"column":0},"end":{"line":594,"column":50}},"594":{"start":{"line":595,"column":0},"end":{"line":595,"column":49}},"595":{"start":{"line":596,"column":0},"end":{"line":596,"column":39}},"596":{"start":{"line":597,"column":0},"end":{"line":597,"column":42}},"597":{"start":{"line":598,"column":0},"end":{"line":598,"column":52}},"598":{"start":{"line":599,"column":0},"end":{"line":599,"column":35}},"599":{"start":{"line":600,"column":0},"end":{"line":600,"column":32}},"600":{"start":{"line":601,"column":0},"end":{"line":601,"column":34}},"601":{"start":{"line":602,"column":0},"end":{"line":602,"column":37}},"602":{"start":{"line":603,"column":0},"end":{"line":603,"column":16}},"603":{"start":{"line":604,"column":0},"end":{"line":604,"column":13}},"604":{"start":{"line":605,"column":0},"end":{"line":605,"column":17}},"605":{"start":{"line":606,"column":0},"end":{"line":606,"column":21}},"606":{"start":{"line":607,"column":0},"end":{"line":607,"column":27}},"607":{"start":{"line":608,"column":0},"end":{"line":608,"column":21}},"608":{"start":{"line":609,"column":0},"end":{"line":609,"column":63}},"609":{"start":{"line":610,"column":0},"end":{"line":610,"column":24}},"610":{"start":{"line":611,"column":0},"end":{"line":611,"column":37}},"611":{"start":{"line":612,"column":0},"end":{"line":612,"column":59}},"612":{"start":{"line":613,"column":0},"end":{"line":613,"column":51}},"613":{"start":{"line":614,"column":0},"end":{"line":614,"column":41}},"614":{"start":{"line":615,"column":0},"end":{"line":615,"column":44}},"615":{"start":{"line":616,"column":0},"end":{"line":616,"column":54}},"616":{"start":{"line":617,"column":0},"end":{"line":617,"column":37}},"617":{"start":{"line":618,"column":0},"end":{"line":618,"column":34}},"618":{"start":{"line":619,"column":0},"end":{"line":619,"column":36}},"619":{"start":{"line":620,"column":0},"end":{"line":620,"column":39}},"620":{"start":{"line":621,"column":0},"end":{"line":621,"column":18}},"621":{"start":{"line":622,"column":0},"end":{"line":622,"column":15}},"622":{"start":{"line":623,"column":0},"end":{"line":623,"column":22}},"623":{"start":{"line":624,"column":0},"end":{"line":624,"column":23}},"624":{"start":{"line":625,"column":0},"end":{"line":625,"column":14}},"625":{"start":{"line":626,"column":0},"end":{"line":626,"column":16}},"626":{"start":{"line":627,"column":0},"end":{"line":627,"column":14}},"627":{"start":{"line":628,"column":0},"end":{"line":628,"column":8}},"628":{"start":{"line":629,"column":0},"end":{"line":629,"column":0}},"629":{"start":{"line":630,"column":0},"end":{"line":630,"column":29}},"630":{"start":{"line":631,"column":0},"end":{"line":631,"column":29}},"631":{"start":{"line":632,"column":0},"end":{"line":632,"column":152}},"632":{"start":{"line":633,"column":0},"end":{"line":633,"column":28}},"633":{"start":{"line":634,"column":0},"end":{"line":634,"column":13}},"634":{"start":{"line":635,"column":0},"end":{"line":635,"column":0}},"635":{"start":{"line":636,"column":0},"end":{"line":636,"column":33}},"636":{"start":{"line":637,"column":0},"end":{"line":637,"column":133}},"637":{"start":{"line":638,"column":0},"end":{"line":638,"column":34}},"638":{"start":{"line":639,"column":0},"end":{"line":639,"column":16}},"639":{"start":{"line":640,"column":0},"end":{"line":640,"column":13}},"640":{"start":{"line":641,"column":0},"end":{"line":641,"column":45}},"641":{"start":{"line":642,"column":0},"end":{"line":642,"column":88}},"642":{"start":{"line":643,"column":0},"end":{"line":643,"column":21}},"643":{"start":{"line":644,"column":0},"end":{"line":644,"column":20}},"644":{"start":{"line":645,"column":0},"end":{"line":645,"column":136}},"645":{"start":{"line":646,"column":0},"end":{"line":646,"column":23}},"646":{"start":{"line":647,"column":0},"end":{"line":647,"column":29}},"647":{"start":{"line":648,"column":0},"end":{"line":648,"column":30}},"648":{"start":{"line":649,"column":0},"end":{"line":649,"column":42}},"649":{"start":{"line":650,"column":0},"end":{"line":650,"column":49}},"650":{"start":{"line":651,"column":0},"end":{"line":651,"column":44}},"651":{"start":{"line":652,"column":0},"end":{"line":652,"column":40}},"652":{"start":{"line":653,"column":0},"end":{"line":653,"column":49}},"653":{"start":{"line":654,"column":0},"end":{"line":654,"column":51}},"654":{"start":{"line":655,"column":0},"end":{"line":655,"column":48}},"655":{"start":{"line":656,"column":0},"end":{"line":656,"column":64}},"656":{"start":{"line":657,"column":0},"end":{"line":657,"column":45}},"657":{"start":{"line":658,"column":0},"end":{"line":658,"column":24}},"658":{"start":{"line":659,"column":0},"end":{"line":659,"column":21}},"659":{"start":{"line":660,"column":0},"end":{"line":660,"column":25}},"660":{"start":{"line":661,"column":0},"end":{"line":661,"column":25}},"661":{"start":{"line":662,"column":0},"end":{"line":662,"column":21}},"662":{"start":{"line":663,"column":0},"end":{"line":663,"column":21}},"663":{"start":{"line":664,"column":0},"end":{"line":664,"column":22}},"664":{"start":{"line":665,"column":0},"end":{"line":665,"column":21}},"665":{"start":{"line":666,"column":0},"end":{"line":666,"column":37}},"666":{"start":{"line":667,"column":0},"end":{"line":667,"column":44}},"667":{"start":{"line":668,"column":0},"end":{"line":668,"column":140}},"668":{"start":{"line":669,"column":0},"end":{"line":669,"column":26}},"669":{"start":{"line":670,"column":0},"end":{"line":670,"column":30}},"670":{"start":{"line":671,"column":0},"end":{"line":671,"column":32}},"671":{"start":{"line":672,"column":0},"end":{"line":672,"column":57}},"672":{"start":{"line":673,"column":0},"end":{"line":673,"column":79}},"673":{"start":{"line":674,"column":0},"end":{"line":674,"column":83}},"674":{"start":{"line":675,"column":0},"end":{"line":675,"column":21}},"675":{"start":{"line":676,"column":0},"end":{"line":676,"column":173}},"676":{"start":{"line":677,"column":0},"end":{"line":677,"column":151}},"677":{"start":{"line":678,"column":0},"end":{"line":678,"column":149}},"678":{"start":{"line":679,"column":0},"end":{"line":679,"column":151}},"679":{"start":{"line":680,"column":0},"end":{"line":680,"column":149}},"680":{"start":{"line":681,"column":0},"end":{"line":681,"column":153}},"681":{"start":{"line":682,"column":0},"end":{"line":682,"column":143}},"682":{"start":{"line":683,"column":0},"end":{"line":683,"column":85}},"683":{"start":{"line":684,"column":0},"end":{"line":684,"column":156}},"684":{"start":{"line":685,"column":0},"end":{"line":685,"column":27}},"685":{"start":{"line":686,"column":0},"end":{"line":686,"column":86}},"686":{"start":{"line":687,"column":0},"end":{"line":687,"column":73}},"687":{"start":{"line":688,"column":0},"end":{"line":688,"column":33}},"688":{"start":{"line":689,"column":0},"end":{"line":689,"column":45}},"689":{"start":{"line":690,"column":0},"end":{"line":690,"column":50}},"690":{"start":{"line":691,"column":0},"end":{"line":691,"column":50}},"691":{"start":{"line":692,"column":0},"end":{"line":692,"column":30}},"692":{"start":{"line":693,"column":0},"end":{"line":693,"column":36}},"693":{"start":{"line":694,"column":0},"end":{"line":694,"column":49}},"694":{"start":{"line":695,"column":0},"end":{"line":695,"column":64}},"695":{"start":{"line":696,"column":0},"end":{"line":696,"column":63}},"696":{"start":{"line":697,"column":0},"end":{"line":697,"column":53}},"697":{"start":{"line":698,"column":0},"end":{"line":698,"column":56}},"698":{"start":{"line":699,"column":0},"end":{"line":699,"column":66}},"699":{"start":{"line":700,"column":0},"end":{"line":700,"column":49}},"700":{"start":{"line":701,"column":0},"end":{"line":701,"column":46}},"701":{"start":{"line":702,"column":0},"end":{"line":702,"column":48}},"702":{"start":{"line":703,"column":0},"end":{"line":703,"column":51}},"703":{"start":{"line":704,"column":0},"end":{"line":704,"column":30}},"704":{"start":{"line":705,"column":0},"end":{"line":705,"column":27}},"705":{"start":{"line":706,"column":0},"end":{"line":706,"column":31}},"706":{"start":{"line":707,"column":0},"end":{"line":707,"column":35}},"707":{"start":{"line":708,"column":0},"end":{"line":708,"column":67}},"708":{"start":{"line":709,"column":0},"end":{"line":709,"column":35}},"709":{"start":{"line":710,"column":0},"end":{"line":710,"column":47}},"710":{"start":{"line":711,"column":0},"end":{"line":711,"column":52}},"711":{"start":{"line":712,"column":0},"end":{"line":712,"column":52}},"712":{"start":{"line":713,"column":0},"end":{"line":713,"column":32}},"713":{"start":{"line":714,"column":0},"end":{"line":714,"column":38}},"714":{"start":{"line":715,"column":0},"end":{"line":715,"column":51}},"715":{"start":{"line":716,"column":0},"end":{"line":716,"column":73}},"716":{"start":{"line":717,"column":0},"end":{"line":717,"column":65}},"717":{"start":{"line":718,"column":0},"end":{"line":718,"column":55}},"718":{"start":{"line":719,"column":0},"end":{"line":719,"column":58}},"719":{"start":{"line":720,"column":0},"end":{"line":720,"column":68}},"720":{"start":{"line":721,"column":0},"end":{"line":721,"column":51}},"721":{"start":{"line":722,"column":0},"end":{"line":722,"column":48}},"722":{"start":{"line":723,"column":0},"end":{"line":723,"column":50}},"723":{"start":{"line":724,"column":0},"end":{"line":724,"column":53}},"724":{"start":{"line":725,"column":0},"end":{"line":725,"column":32}},"725":{"start":{"line":726,"column":0},"end":{"line":726,"column":29}},"726":{"start":{"line":727,"column":0},"end":{"line":727,"column":36}},"727":{"start":{"line":728,"column":0},"end":{"line":728,"column":37}},"728":{"start":{"line":729,"column":0},"end":{"line":729,"column":28}},"729":{"start":{"line":730,"column":0},"end":{"line":730,"column":30}},"730":{"start":{"line":731,"column":0},"end":{"line":731,"column":27}},"731":{"start":{"line":732,"column":0},"end":{"line":732,"column":32}},"732":{"start":{"line":733,"column":0},"end":{"line":733,"column":20}},"733":{"start":{"line":734,"column":0},"end":{"line":734,"column":19}},"734":{"start":{"line":735,"column":0},"end":{"line":735,"column":22}},"735":{"start":{"line":736,"column":0},"end":{"line":736,"column":20}},"736":{"start":{"line":737,"column":0},"end":{"line":737,"column":16}},"737":{"start":{"line":738,"column":0},"end":{"line":738,"column":10}},"738":{"start":{"line":739,"column":0},"end":{"line":739,"column":0}},"739":{"start":{"line":740,"column":0},"end":{"line":740,"column":32}},"740":{"start":{"line":741,"column":0},"end":{"line":741,"column":22}},"741":{"start":{"line":742,"column":0},"end":{"line":742,"column":28}},"742":{"start":{"line":743,"column":0},"end":{"line":743,"column":45}},"743":{"start":{"line":744,"column":0},"end":{"line":744,"column":35}},"744":{"start":{"line":745,"column":0},"end":{"line":745,"column":23}},"745":{"start":{"line":746,"column":0},"end":{"line":746,"column":25}},"746":{"start":{"line":747,"column":0},"end":{"line":747,"column":41}},"747":{"start":{"line":748,"column":0},"end":{"line":748,"column":33}},"748":{"start":{"line":749,"column":0},"end":{"line":749,"column":31}},"749":{"start":{"line":750,"column":0},"end":{"line":750,"column":12}},"750":{"start":{"line":751,"column":0},"end":{"line":751,"column":25}},"751":{"start":{"line":752,"column":0},"end":{"line":752,"column":41}},"752":{"start":{"line":753,"column":0},"end":{"line":753,"column":33}},"753":{"start":{"line":754,"column":0},"end":{"line":754,"column":31}},"754":{"start":{"line":755,"column":0},"end":{"line":755,"column":12}},"755":{"start":{"line":756,"column":0},"end":{"line":756,"column":10}},"756":{"start":{"line":757,"
[...]
art":{"line":372,"column":18},"end":{"line":372,"column":25}}]},"115":{"type":"branch","line":378,"loc":{"start":{"line":378,"column":12},"end":{"line":378,"column":54}},"locations":[{"start":{"line":378,"column":12},"end":{"line":378,"column":54}}]},"116":{"type":"branch","line":378,"loc":{"start":{"line":378,"column":50},"end":{"line":378,"column":58}},"locations":[{"start":{"line":378,"column":50},"end":{"line":378,"column":58}}]},"117":{"type":"branch","line":380,"loc":{"start":{"line":380,"column":23},"end":{"line":380,"column":35}},"locations":[{"start":{"line":380,"column":23},"end":{"line":380,"column":35}}]},"118":{"type":"branch","line":393,"loc":{"start":{"line":393,"column":24},"end":{"line":418,"column":4}},"locations":[{"start":{"line":393,"column":24},"end":{"line":418,"column":4}}]},"119":{"type":"branch","line":394,"loc":{"start":{"line":394,"column":18},"end":{"line":394,"column":25}},"locations":[{"start":{"line":394,"column":18},"end":{"line":394,"column":25}}]},"120":{"type":"branch","line":395,"loc":{"start":{"line":395,"column":78},"end":{"line":395,"column":85}},"locations":[{"start":{"line":395,"column":78},"end":{"line":395,"column":85}}]},"121":{"type":"branch","line":395,"loc":{"start":{"line":395,"column":78},"end":{"line":399,"column":74}},"locations":[{"start":{"line":395,"column":78},"end":{"line":399,"column":74}}]},"122":{"type":"branch","line":399,"loc":{"start":{"line":399,"column":72},"end":{"line":400,"column":28}},"locations":[{"start":{"line":399,"column":72},"end":{"line":400,"column":28}}]},"123":{"type":"branch","line":400,"loc":{"start":{"line":400,"column":20},"end":{"line":400,"column":32}},"locations":[{"start":{"line":400,"column":20},"end":{"line":400,"column":32}}]},"124":{"type":"branch","line":403,"loc":{"start":{"line":403,"column":4},"end":{"line":415,"column":6}},"locations":[{"start":{"line":403,"column":4},"end":{"line":415,"column":6}}]},"125":{"type":"branch","line":406,"loc":{"start":{"line":406,"column":38},"end":{"line":414,"column":7}},"locations":[{"start":{"line":406,"column":38},"end":{"line":414,"column":7}}]},"126":{"type":"branch","line":412,"loc":{"start":{"line":412,"column":6},"end":{"line":414,"column":7}},"locations":[{"start":{"line":412,"column":6},"end":{"line":414,"column":7}}]},"127":{"type":"branch","line":415,"loc":{"start":{"line":415,"column":4},"end":{"line":417,"column":5}},"locations":[{"start":{"line":415,"column":4},"end":{"line":417,"column":5}}]},"128":{"type":"branch","line":420,"loc":{"start":{"line":420,"column":21},"end":{"line":423,"column":4}},"locations":[{"start":{"line":420,"column":21},"end":{"line":423,"column":4}}]},"129":{"type":"branch","line":425,"loc":{"start":{"line":425,"column":22},"end":{"line":431,"column":4}},"locations":[{"start":{"line":425,"column":22},"end":{"line":431,"column":4}}]},"130":{"type":"branch","line":435,"loc":{"start":{"line":435,"column":4},"end":{"line":451,"column":6}},"locations":[{"start":{"line":435,"column":4},"end":{"line":451,"column":6}}]},"131":{"type":"branch","line":436,"loc":{"start":{"line":436,"column":20},"end":{"line":436,"column":27}},"locations":[{"start":{"line":436,"column":20},"end":{"line":436,"column":27}}]},"132":{"type":"branch","line":445,"loc":{"start":{"line":445,"column":32},"end":{"line":445,"column":47}},"locations":[{"start":{"line":445,"column":32},"end":{"line":445,"column":47}}]},"133":{"type":"branch","line":446,"loc":{"start":{"line":446,"column":6},"end":{"line":448,"column":8}},"locations":[{"start":{"line":446,"column":6},"end":{"line":448,"column":8}}]},"134":{"type":"branch","line":460,"loc":{"start":{"line":460,"column":24},"end":{"line":463,"column":4}},"locations":[{"start":{"line":460,"column":24},"end":{"line":463,"column":4}}]},"135":{"type":"branch","line":461,"loc":{"start":{"line":461,"column":20},"end":{"line":461,"column":31}},"locations":[{"start":{"line":461,"column":20},"end":{"line":461,"column":31}}]},"136":{"type":"branch","line":461,"loc":{"start":{"line":461,"column":27},"end":{"line":462,"column":44}},"locations":[{"start":{"line":461,"column":27},"end":{"line":462,"column":44}}]},"137":{"type":"branch","line":473,"loc":{"start":{"line":473,"column":4},"end":{"line":473,"column":75}},"locations":[{"start":{"line":473,"column":4},"end":{"line":473,"column":75}}]},"138":{"type":"branch","line":473,"loc":{"start":{"line":473,"column":24},"end":{"line":473,"column":75}},"locations":[{"start":{"line":473,"column":24},"end":{"line":473,"column":75}}]},"139":{"type":"branch","line":476,"loc":{"start":{"line":476,"column":35},"end":{"line":476,"column":64}},"locations":[{"start":{"line":476,"column":35},"end":{"line":476,"column":64}}]},"140":{"type":"branch","line":483,"loc":{"start":{"line":483,"column":19},"end":{"line":483,"column":91}},"locations":[{"start":{"line":483,"column":19},"end":{"line":483,"column":91}}]},"141":{"type":"branch","line":483,"loc":{"start":{"line":483,"column":39},"end":{"line":483,"column":91}},"locations":[{"start":{"line":483,"column":39},"end":{"line":483,"column":91}}]},"142":{"type":"branch","line":591,"loc":{"start":{"line":591,"column":23},"end":{"line":591,"column":61}},"locations":[{"start":{"line":591,"column":23},"end":{"line":591,"column":61}}]},"143":{"type":"branch","line":609,"loc":{"start":{"line":609,"column":25},"end":{"line":609,"column":63}},"locations":[{"start":{"line":609,"column":25},"end":{"line":609,"column":63}}]},"144":{"type":"branch","line":645,"loc":{"start":{"line":645,"column":128},"end":{"line":661,"column":25}},"locations":[{"start":{"line":645,"column":128},"end":{"line":661,"column":25}}]},"145":{"type":"branch","line":666,"loc":{"start":{"line":666,"column":29},"end":{"line":734,"column":17}},"locations":[{"start":{"line":666,"column":29},"end":{"line":734,"column":17}}]},"146":{"type":"branch","line":668,"loc":{"start":{"line":668,"column":44},"end":{"line":668,"column":71}},"locations":[{"start":{"line":668,"column":44},"end":{"line":668,"column":71}}]},"147":{"type":"branch","line":668,"loc":{"start":{"line":668,"column":51},"end":{"line":668,"column":140}},"locations":[{"start":{"line":668,"column":51},"end":{"line":668,"column":140}}]},"148":{"type":"branch","line":668,"loc":{"start":{"line":668,"column":78},"end":{"line":668,"column":100}},"locations":[{"start":{"line":668,"column":78},"end":{"line":668,"column":100}}]},"149":{"type":"branch","line":668,"loc":{"start":{"line":668,"column":107},"end":{"line":668,"column":123}},"locations":[{"start":{"line":668,"column":107},"end":{"line":668,"column":123}}]},"150":{"type":"branch","line":708,"loc":{"start":{"line":708,"column":40},"end":{"line":708,"column":67}},"locations":[{"start":{"line":708,"column":40},"end":{"line":708,"column":67}}]},"151":{"type":"branch","line":708,"loc":{"start":{"line":708,"column":53},"end":{"line":728,"column":37}},"locations":[{"start":{"line":708,"column":53},"end":{"line":728,"column":37}}]},"152":{"type":"branch","line":689,"loc":{"start":{"line":689,"column":37},"end":{"line":692,"column":30}},"locations":[{"start":{"line":689,"column":37},"end":{"line":692,"column":30}}]},"153":{"type":"branch","line":710,"loc":{"start":{"line":710,"column":39},"end":{"line":713,"column":32}},"locations":[{"start":{"line":710,"column":39},"end":{"line":713,"column":32}}]},"154":{"type":"branch","line":751,"loc":{"start":{"line":751,"column":18},"end":{"line":755,"column":12}},"locations":[{"start":{"line":751,"column":18},"end":{"line":755,"column":12}}]},"155":{"type":"branch","line":770,"loc":{"start":{"line":770,"column":23},"end":{"line":770,"column":50}},"locations":[{"start":{"line":770,"column":23},"end":{"line":770,"column":50}}]},"156":{"type":"branch","line":784,"loc":{"start":{"line":784,"column":28},"end":{"line":784,"column":77}},"locations":[{"start":{"line":784,"column":28},"end":{"line":784,"column":77}}]},"157":{"type":"branch","line":784,"loc":{"start":{"line":784,"column":57},"end":{"line":784,"column":66}},"locations":[{"start":{"line":784,"column":57},"end":{"line":784,"column":66}}]},"158":{"type":"branch","line":811,"loc":{"start":{"line":811,"column":23},"end":{"line":811,"column":50}},"locations":[{"start":{"line":811,"column":23},"end":{"line":811,"column":50}}]},"159":{"type":"branch","line":828,"loc":{"start":{"line":828,"column":79},"end":{"line":832,"column":30}},"locations":[{"start":{"line":828,"column":79},"end":{"line":832,"column":30}}]},"160":{"type":"branch","line":847,"loc":{"start":{"line":847,"column":32},"end":{"line":847,"column":86}},"locations":[{"start":{"line":847,"column":32},"end":{"line":847,"column":86}}]},"161":{"type":"branch","line":847,"loc":{"start":{"line":847,"column":66},"end":{"line":847,"column":75}},"locations":[{"start":{"line":847,"column":66},"end":{"line":847,"column":75}}]},"162":{"type":"branch","line":919,"loc":{"start":{"line":919,"column":24},"end":{"line":923,"column":26}},"locations":[{"start":{"line":919,"column":24},"end":{"line":923,"column":26}}]},"163":{"type":"branch","line":928,"loc":{"start":{"line":928,"column":75},"end":{"line":932,"column":26}},"locations":[{"start":{"line":928,"column":75},"end":{"line":932,"column":26}}]},"164":{"type":"branch","line":977,"loc":{"start":{"line":977,"column":23},"end":{"line":977,"column":50}},"locations":[{"start":{"line":977,"column":23},"end":{"line":977,"column":50}}]},"165":{"type":"branch","line":1007,"loc":{"start":{"line":1007,"column":28},"end":{"line":1011,"column":30}},"locations":[{"start":{"line":1007,"column":28},"end":{"line":1011,"column":30}}]},"166":{"type":"branch","line":1016,"loc":{"start":{"line":1016,"column":79},"end":{"line":1020,"column":30}},"locations":[{"start":{"line":1016,"column":79},"end":{"line":1020,"column":30}}]},"167":{"type":"branch","line":1050,"loc":{"start":{"line":1050,"column":85},"end":{"line":1067,"column":35}},"locations":[{"start":{"line":1050,"column":85},"end":{"line":1067,"column":35}}]},"168":{"type":"branch","line":1072,"loc":{"start":{"line":1072,"column":50},"end":{"line":1095,"column":27}},"locations":[{"start":{"line":1072,"column":50},"end":{"line":1095,"column":27}}]},"169":{"type":"branch","line":1073,"loc":{"start":{"line":1073,"column":89},"end":{"line":1073,"column":109}},"locations":[{"start":{"line":1073,"column":89},"end":{"line":1073,"column":109}}]},"170":{"type":"branch","line":1073,"loc":{"start":{"line":1073,"column":96},"end":{"line":1073,"column":113}},"locations":[{"start":{"line":1073,"column":96},"end":{"line":1073,"column":113}}]},"171":{"type":"branch","line":1079,"loc":{"start":{"line":1079,"column":61},"end":{"line":1079,"column":100}},"locations":[{"start":{"line":1079,"column":61},"end":{"line":1079,"column":100}}]},"172":{"type":"branch","line":1079,"loc":{"start":{"line":1079,"column":74},"end":{"line":1079,"column":124}},"locations":[{"start":{"line":1079,"column":74},"end":{"line":1079,"column":124}}]},"173":{"type":"branch","line":1080,"loc":{"start":{"line":1080,"column":56},"end":{"line":1080,"column":88}},"locations":[{"start":{"line":1080,"column":56},"end":{"line":1080,"column":88}}]},"174":{"type":"branch","line":1080,"loc":{"start":{"line":1080,"column":69},"end":{"line":1080,"column":104}},"locations":[{"start":{"line":1080,"column":69},"end":{"line":1080,"column":104}}]},"175":{"type":"branch","line":1107,"loc":{"start":{"line":1107,"column":33},"end":{"line":1107,"column":62}},"locations":[{"start":{"line":1107,"column":33},"end":{"line":1107,"column":62}}]}},"b":{"0":[60],"1":[0],"2":[0],"3":[140],"4":[46],"5":[94],"6":[49],"7":[16],"8":[33],"9":[3],"10":[1],"11":[2],"12":[0],"13":[2],"14":[89],"15":[85],"16":[4],"17":[11],"18":[4],"19":[85],"20":[10],"21":[79],"22":[25],"23":[64],"24":[10],"25":[0],"26":[54],"27":[12],"28":[42],"29":[8],"30":[34],"31":[3],"32":[53],"33":[12],"34":[3],"35":[9],"36":[3],"37":[9],"38":[41],"39":[33],"40":[8],"41":[8],"42":[50],"43":[39],"44":[4],"45":[2],"46":[3],"47":[3],"48":[3],"49":[1],"50":[1],"51":[3],"52":[10],"53":[3],"54":[7],"55":[3],"56":[4],"57":[0],"58":[0],"59":[8],"60":[8],"61":[8],"62":[2],"63":[2],"64":[8],"65":[4],"66":[0],"67":[0],"68":[8],"69":[4],"70":[4],"71":[3],"72":[2],"73":[0],"74":[2],"75":[0],"76":[1],"77":[31],"78":[0],"79":[4],"80":[0],"81":[27],"82":[35],"83":[0],"84":[0],"85":[0],"86":[0],"87":[32],"88":[0],"89":[0],"90":[0],"91":[26],"92":[0],"93":[0],"94":[0],"95":[0],"96":[1],"97":[0],"98":[0],"99":[0],"100":[4],"101":[0],"102":[3],"103":[0],"104":[3],"105":[0],"106":[1],"107":[4],"108":[26],"109":[26],"110":[1],"111":[0],"112":[0],"113":[2],"114":[0],"115":[1],"116":[1],"117":[0],"118":[4],"119":[0],"120":[1],"121":[3],"122":[1],"123":[0],"124":[2],"125":[1],"126":[0],"127":[3],"128":[2],"129":[1],"130":[2],"131":[0],"132":[0],"133":[0],"134":[108],"135":[16],"136":[92],"137":[34],"138":[9],"139":[34],"140":[39],"141":[26],"142":[1],"143":[1],"144":[351],"145":[42],"146":[14],"147":[28],"148":[0],"149":[0],"150":[14],"151":[14],"152":[3],"153":[1],"154":[1],"155":[1],"156":[1],"157":[0],"158":[2],"159":[21],"160":[2],"161":[0],"162":[28],"163":[12],"164":[1],"165":[24],"166":[9],"167":[15],"168":[3],"169":[0],"170":[0],"171":[2],"172":[1],"173":[2],"174":[1],"175":[1]},"fnMap":{"0":{"name":"formatFechaCaja","decl":{"start":{"line":67,"column":0},"end":{"line":72,"column":1}},"loc":{"start":{"line":67,"column":0},"end":{"line":72,"column":1}},"line":67},"1":{"name":"formatMonto","decl":{"start":{"line":75,"column":0},"end":{"line":77,"column":1}},"loc":{"start":{"line":75,"column":0},"end":{"line":77,"column":1}},"line":75},"2":{"name":"estadoBadgeStyle","decl":{"start":{"line":80,"column":0},"end":{"line":84,"column":1}},"loc":{"start":{"line":80,"column":0},"end":{"line":84,"column":1}},"line":80},"3":{"name":"formatFechaMovimiento","decl":{"start":{"line":87,"column":0},"end":{"line":98,"column":1}},"loc":{"start":{"line":87,"column":0},"end":{"line":98,"column":1}},"line":87},"4":{"name":"CajaTab","decl":{"start":{"line":201,"column":40},"end":{"line":1115,"column":2}},"loc":{"start":{"line":201,"column":40},"end":{"line":1115,"column":2}},"line":201},"5":{"name":"handleAbrir","decl":{"start":{"line":354,"column":22},"end":{"line":369,"column":4}},"loc":{"start":{"line":354,"column":22},"end":{"line":369,"column":4}},"line":354},"6":{"name":"handleCerrar","decl":{"start":{"line":371,"column":23},"end":{"line":391,"column":4}},"loc":{"start":{"line":371,"column":23},"end":{"line":391,"column":4}},"line":371},"7":{"name":"handleReabrir","decl":{"start":{"line":393,"column":24},"end":{"line":418,"column":4}},"loc":{"start":{"line":393,"column":24},"end":{"line":418,"column":4}},"line":393},"8":{"name":"abrirModal","decl":{"start":{"line":420,"column":21},"end":{"line":423,"column":4}},"loc":{"start":{"line":420,"column":21},"end":{"line":423,"column":4}},"line":420},"9":{"name":"cerrarModal","decl":{"start":{"line":425,"column":22},"end":{"line":431,"column":4}},"loc":{"start":{"line":425,"column":22},"end":{"line":431,"column":4}},"line":425},"10":{"name":"nombreAuditor","decl":{"start":{"line":460,"column":24},"end":{"line":463,"column":4}},"loc":{"start":{"line":460,"column":24},"end":{"line":463,"column":4}},"line":460},"11":{"name":"onClick","decl":{"start":{"line":591,"column":23},"end":{"line":591,"column":61}},"loc":{"start":{"line":591,"column":23},"end":{"line":591,"column":61}},"line":591},"12":{"name":"onClick","decl":{"start":{"line":609,"column":25},"end":{"line":609,"column":63}},"loc":{"start":{"line":609,"column":25},"end":{"line":609,"column":63}},"line":609},"13":{"name":"onClick","decl":{"start":{"line":672,"column":31},"end":{"line":672,"column":57}},"loc":{"start":{"line":672,"column":31},"end":{"line":672,"column":57}},"line":672},"14":{"name":"onClick","decl":{"start":{"line":689,"column":37},"end":{"line":692,"column":30}},"loc":{"start":{"line":689,"column":37},"end":{"line":692,"column":30}},"line":689},"15":{"name":"onClick","decl":{"start":{"line":710,"column":39},"end":{"line":713,"column":32}},"loc":{"start":{"line":710,"column":39},"end":{"line":713,"column":32}},"line":710},"16":{"name":"onPrev","decl":{"start":{"line":746,"column":18},"end":{"line":750,"column":12}},"loc":{"start":{"line":746,"column":18},"end":{"line":750,"column":12}},"line":746},"17":{"name":"onNext","decl":{"start":{"line":751,"column":18},"end":{"line":755,"column":12}},"loc":{"start":{"line":751,"column":18},"end":{"line":755,"column":12}},"line":751},"18":{"name":"onClick","decl":{"start":{"line":762,"column":185},"end":{"line":762,"column":252}},"loc":{"start":{"line":762,"column":185},"end":{"line":762,"column":252}},"line":762},"19":{"name":"onClick","decl":{"start":{"line":770,"column":23},"end":{"line":770,"column":50}},"loc":{"start":{"line":770,"column":23},"end":{"line":770,"column":50}},"line":770},"20":{"name":"onClick","decl":{"start":{"line":774,"column":33},"end":{"line":774,"column":60}},"loc":{"start":{"line":774,"column":33},"end":{"line":774,"column":60}},"line":774},"21":{"name":"onChange","decl":{"start":{"line":784,"column":28},"end":{"line":784,"column":77}},"loc":{"start":{"line":784,"column":28},"end":{"line":784,"column":77}},"line":784},"22":{"name":"onClick","decl":{"start":{"line":790,"column":33},"end":{"line":790,"column":60}},"loc":{"start":{"line":790,"column":33},"end":{"line":790,"column":60}},"line":790},"23":{"name":"onClick","decl":{"start":{"line":803,"column":185},"end":{"line":803,"column":253}},"loc":{"start":{"line":803,"column":185},"end":{"line":803,"column":253}},"line":803},"24":{"name":"onClick","decl":{"start":{"line":811,"column":23},"end":{"line":811,"column":50}},"loc":{"start":{"line":811,"column":23},"end":{"line":811,"column":50}},"line":811},"25":{"name":"onClick","decl":{"start":{"line":815,"column":33},"end":{"line":815,"column":61}},"loc":{"start":{"line":815,"column":33},"end":{"line":815,"column":61}},"line":815},"26":{"name":"onChange","decl":{"start":{"line":847,"column":32},"end":{"line":847,"column":86}},"loc":{"start":{"line":847,"column":32},"end":{"line":847,"column":86}},"line":847},"27":{"name":"onClick","decl":{"start":{"line":875,"column":33},"end":{"line":875,"column":61}},"loc":{"start":{"line":875,"column":33},"end":{"line":875,"column":61}},"line":875},"28":{"name":"onClick","decl":{"start":{"line":888,"column":220},"end":{"line":888,"column":284}},"loc":{"start":{"line":888,"column":220},"end":{"line":888,"column":284}},"line":888},"29":{"name":"onClick","decl":{"start":{"line":896,"column":23},"end":{"line":896,"column":50}},"loc":{"start":{"line":896,"column":23},"end":{"line":896,"column":50}},"line":896},"30":{"name":"onClick","decl":{"start":{"line":900,"column":33},"end":{"line":900,"column":57}},"loc":{"start":{"line":900,"column":33},"end":{"line":900,"column":57}},"line":900},"31":{"name":"onClick","decl":{"start":{"line":959,"column":33},"end":{"line":959,"column":57}},"loc":{"start":{"line":959,"column":33},"end":{"line":959,"column":57}},"line":959},"32":{"name":"onClick","decl":{"start":{"line":969,"column":220},"end":{"line":969,"column":289}},"loc":{"start":{"line":969,"column":220},"end":{"line":969,"column":289}},"line":969},"33":{"name":"onClick","decl":{"start":{"line":977,"column":23},"end":{"line":977,"column":50}},"loc":{"start":{"line":977,"column":23},"end":{"line":977,"column":50}},"line":977},"34":{"name":"onClick","decl":{"start":{"line":981,"column":33},"end":{"line":981,"column":62}},"loc":{"start":{"line":981,"column":33},"end":{"line":981,"column":62}},"line":981},"35":{"name":"onClick","decl":{"start":{"line":1107,"column":33},"end":{"line":1107,"column":62}},"loc":{"start":{"line":1107,"column":33},"end":{"line":1107,"column":62}},"line":1107}},"f":{"0":60,"1":140,"2":49,"3":3,"4":89,"5":1,"6":2,"7":4,"8":2,"9":1,"10":108,"11":1,"12":1,"13":0,"14":3,"15":1,"16":0,"17":1,"18":0,"19":1,"20":0,"21":1,"22":0,"23":0,"24":2,"25":0,"26":2,"27":0,"28":0,"29":0,"30":0,"31":0,"32":0,"33":1,"34":0,"35":1}}
}
